============================= test session starts ==============================
platform linux -- Python 3.13.11, pytest-9.0.2, pluggy-1.6.0 -- /app/.venv/bin/python
cachedir: .pytest_cache
rootdir: /app
configfile: pyproject.toml
testpaths: tests
plugins: anyio-4.12.0, asyncio-1.3.0
asyncio: mode=Mode.AUTO, debug=False, asyncio_default_fixture_loop_scope=function, asyncio_default_test_loop_scope=function
collecting ... collected 653 items

tests/integration/analytics/test_analytics.py::TestDashboardAnalytics::test_manager_can_access_analytics PASSED [  0%]
tests/integration/analytics/test_analytics.py::TestDashboardAnalytics::test_support_can_access_analytics PASSED [  0%]
tests/integration/analytics/test_analytics.py::TestDashboardAnalytics::test_citizen_cannot_access_analytics PASSED [  0%]
tests/integration/analytics/test_analytics.py::TestDashboardAnalytics::test_date_range_filtering PASSED [  0%]
tests/integration/analytics/test_analytics.py::TestHeatmapAnalytics::test_heatmap_data PASSED [  0%]
tests/integration/analytics/test_analytics.py::TestHeatmapAnalytics::test_heatmap_with_category_filter PASSED [  0%]
tests/integration/analytics/test_analytics.py::TestHeatmapAnalytics::test_heatmap_with_status_filter PASSED [  1%]
tests/integration/analytics/test_analytics.py::TestHeatmapAnalytics::test_heatmap_with_tickets PASSED [  1%]
tests/integration/analytics/test_analytics.py::TestHeatmapAnalytics::test_citizen_cannot_access_heatmap PASSED [  1%]
tests/integration/analytics/test_analytics.py::TestTeamPerformanceAnalytics::test_manager_can_access_team_performance FAILED [  1%]
tests/integration/analytics/test_analytics.py::TestTeamPerformanceAnalytics::test_team_performance_with_team FAILED [  1%]
tests/integration/analytics/test_analytics.py::TestTeamPerformanceAnalytics::test_team_performance_with_assigned_tickets FAILED [  1%]
tests/integration/analytics/test_analytics.py::TestTeamPerformanceAnalytics::test_support_cannot_access_team_performance PASSED [  1%]
tests/integration/analytics/test_analytics.py::TestTeamPerformanceAnalytics::test_citizen_cannot_access_team_performance PASSED [  2%]
tests/integration/analytics/test_analytics.py::TestTeamMemberPerformanceAnalytics::test_manager_can_access_member_performance PASSED [  2%]
tests/integration/analytics/test_analytics.py::TestTeamMemberPerformanceAnalytics::test_member_performance_includes_metrics PASSED [  2%]
tests/integration/analytics/test_analytics.py::TestTeamMemberPerformanceAnalytics::test_member_performance_nonexistent_team PASSED [  2%]
tests/integration/analytics/test_analytics.py::TestTeamMemberPerformanceAnalytics::test_support_cannot_access_member_performance PASSED [  2%]
tests/integration/analytics/test_analytics.py::TestCategoryAnalytics::test_manager_can_access_category_stats PASSED [  2%]
tests/integration/analytics/test_analytics.py::TestCategoryAnalytics::test_category_stats_with_category PASSED [  3%]
tests/integration/analytics/test_analytics.py::TestCategoryAnalytics::test_category_stats_with_days_param PASSED [  3%]
tests/integration/analytics/test_analytics.py::TestCategoryAnalytics::test_support_cannot_access_category_stats PASSED [  3%]
tests/integration/analytics/test_analytics.py::TestCategoryAnalytics::test_citizen_cannot_access_category_stats PASSED [  3%]
tests/integration/analytics/test_analytics.py::TestNeighborhoodAnalytics::test_manager_can_access_neighborhood_stats PASSED [  3%]
tests/integration/analytics/test_analytics.py::TestNeighborhoodAnalytics::test_neighborhood_stats_with_ticket PASSED [  3%]
tests/integration/analytics/test_analytics.py::TestNeighborhoodAnalytics::test_neighborhood_stats_limit_param PASSED [  3%]
tests/integration/analytics/test_analytics.py::TestNeighborhoodAnalytics::test_support_cannot_access_neighborhood_stats PASSED [  4%]
tests/integration/analytics/test_analytics.py::TestFeedbackTrendsAnalytics::test_manager_can_access_feedback_trends PASSED [  4%]
tests/integration/analytics/test_analytics.py::TestFeedbackTrendsAnalytics::test_feedback_trends_with_feedback PASSED [  4%]
tests/integration/analytics/test_analytics.py::TestFeedbackTrendsAnalytics::test_feedback_trends_with_days_param PASSED [  4%]
tests/integration/analytics/test_analytics.py::TestFeedbackTrendsAnalytics::test_support_cannot_access_feedback_trends PASSED [  4%]
tests/integration/analytics/test_analytics.py::TestFeedbackTrendsAnalytics::test_citizen_cannot_access_feedback_trends PASSED [  4%]
tests/integration/services/test_notification_integration.py::TestCreateNotification::test_create_notification_basic PASSED [  5%]
tests/integration/services/test_notification_integration.py::TestCreateNotification::test_create_notification_with_ticket_reference PASSED [  5%]
tests/integration/services/test_notification_integration.py::TestNotifyTicketCreated::test_notify_ticket_created PASSED [  5%]
tests/integration/services/test_notification_integration.py::TestNotifyTicketFollowed::test_notify_reporter_when_someone_follows PASSED [  5%]
tests/integration/services/test_notification_integration.py::TestNotifyTicketFollowed::test_no_notification_when_reporter_follows_own_ticket PASSED [  5%]
tests/integration/services/test_notification_integration.py::TestNotifyTicketStatusChanged::test_notify_reporter_on_status_change PASSED [  5%]
tests/integration/services/test_notification_integration.py::TestNotifyTicketStatusChanged::test_no_notification_when_reporter_changes_own_ticket PASSED [  5%]
tests/integration/services/test_notification_integration.py::TestNotifyTicketStatusChanged::test_notify_all_followers_on_status_change PASSED [  6%]
tests/integration/services/test_notification_integration.py::TestNotifyTicketStatusChanged::test_notification_content_contains_status_labels PASSED [  6%]
tests/integration/services/test_sms_integration.py::TestSMSServiceIntegration::test_send_otp_when_disabled PASSED [  6%]
tests/integration/services/test_sms_integration.py::TestSMSServiceIntegration::test_send_ticket_status_update_when_disabled PASSED [  6%]
tests/integration/services/test_sms_integration.py::TestSMSServiceIntegration::test_send_ticket_status_update_resolved PASSED [  6%]
tests/integration/services/test_sms_integration.py::TestSMSServiceIntegration::test_send_ticket_status_update_closed PASSED [  6%]
tests/integration/services/test_sms_integration.py::TestSMSServiceIntegration::test_send_ticket_status_update_escalated PASSED [  7%]
tests/integration/services/test_sms_integration.py::TestSMSServiceIntegration::test_send_ticket_status_update_unknown_status PASSED [  7%]
tests/integration/services/test_sms_integration.py::TestSMSServiceIntegration::test_send_sms_when_disabled PASSED [  7%]
tests/integration/services/test_sms_integration.py::TestSMSServiceWithTwilioEnabled::test_send_sms_success_with_client PASSED [  7%]
tests/integration/services/test_sms_integration.py::TestSMSServiceWithTwilioEnabled::test_send_sms_failure_with_client PASSED [  7%]
tests/integration/services/test_sms_integration.py::TestSMSServiceWithTwilioEnabled::test_send_sms_returns_false_when_client_not_initialized PASSED [  7%]
tests/integration/services/test_storage_integration.py::TestStorageServiceInit::test_storage_service_singleton_exists PASSED [  7%]
tests/integration/services/test_storage_integration.py::TestStorageServiceInit::test_storage_service_initial_state PASSED [  8%]
tests/integration/services/test_storage_integration.py::TestStorageServiceGetClient::test_get_client_creates_minio_client PASSED [  8%]
tests/integration/services/test_storage_integration.py::TestStorageServiceGetClient::test_get_client_reuses_existing_client PASSED [  8%]
tests/integration/services/test_storage_integration.py::TestEnsureBucketExists::test_creates_bucket_if_not_exists PASSED [  8%]
tests/integration/services/test_storage_integration.py::TestEnsureBucketExists::test_skips_if_bucket_exists PASSED [  8%]
tests/integration/services/test_storage_integration.py::TestEnsureBucketExists::test_handles_s3_error_gracefully PASSED [  8%]
tests/integration/services/test_storage_integration.py::TestEnsureBucketExists::test_skips_if_already_initialized PASSED [  9%]
tests/integration/services/test_storage_integration.py::TestEnsureBucketExists::test_skips_if_client_is_none PASSED [  9%]
tests/integration/services/test_storage_integration.py::TestUploadFile::test_upload_file_success PASSED [  9%]
tests/integration/services/test_storage_integration.py::TestUploadFile::test_upload_file_with_no_extension PASSED [  9%]
tests/integration/services/test_storage_integration.py::TestUploadFile::test_upload_file_s3_error_returns_none PASSED [  9%]
tests/integration/services/test_storage_integration.py::TestGetPresignedUrl::test_get_presigned_url_success PASSED [  9%]
tests/integration/services/test_storage_integration.py::TestGetPresignedUrl::test_get_presigned_url_with_custom_expiry PASSED [  9%]
tests/integration/services/test_storage_integration.py::TestGetPresignedUrl::test_get_presigned_url_s3_error_returns_none PASSED [ 10%]
tests/integration/services/test_storage_integration.py::TestDeleteFile::test_delete_file_success PASSED [ 10%]
tests/integration/services/test_storage_integration.py::TestDeleteFile::test_delete_file_s3_error_returns_false PASSED [ 10%]
tests/integration/services/test_storage_integration.py::TestGetPublicUrl::test_get_public_url_http PASSED [ 10%]
tests/integration/services/test_storage_integration.py::TestGetPublicUrl::test_get_public_url_https PASSED [ 10%]
tests/integration/services/test_team_assignment_integration.py::TestFindMatchingTeam::test_priority_1_category_and_district_match PASSED [ 10%]
tests/integration/services/test_team_assignment_integration.py::TestFindMatchingTeam::test_priority_2_category_and_city_match PASSED [ 11%]
tests/integration/services/test_team_assignment_integration.py::TestFindMatchingTeam::test_priority_3_category_only_match PASSED [ 11%]
tests/integration/services/test_team_assignment_integration.py::TestFindMatchingTeam::test_no_match_returns_none PASSED [ 11%]
tests/integration/services/test_team_assignment_integration.py::TestFindMatchingTeam::test_match_without_district PASSED [ 11%]
tests/integration/services/test_team_assignment_integration.py::TestGetTeamWorkload::test_workload_counts_active_tickets PASSED [ 11%]
tests/integration/services/test_team_assignment_integration.py::TestGetTeamWorkload::test_workload_excludes_deleted_tickets PASSED [ 11%]
tests/integration/services/test_team_assignment_integration.py::TestGetTeamWorkload::test_workload_for_team_with_no_tickets PASSED [ 11%]
tests/integration/services/test_team_assignment_integration.py::TestGetTeamWorkload::test_workload_only_counts_team_tickets PASSED [ 12%]
tests/integration/services/test_ticket_service_integration.py::TestCreateTicket::test_create_ticket_with_gps_coordinates PASSED [ 12%]
tests/integration/services/test_ticket_service_integration.py::TestCreateTicket::test_create_ticket_with_district_id PASSED [ 12%]
tests/integration/services/test_ticket_service_integration.py::TestCreateTicket::test_create_ticket_auto_assigns_team PASSED [ 12%]
tests/integration/services/test_ticket_service_integration.py::TestCreateTicket::test_create_ticket_auto_follows_reporter PASSED [ 12%]
tests/integration/services/test_ticket_service_integration.py::TestCreateTicket::test_create_ticket_creates_initial_status_log PASSED [ 12%]
tests/integration/services/test_ticket_service_integration.py::TestCreateTicket::test_create_ticket_triggers_notification PASSED [ 13%]
tests/integration/services/test_ticket_service_integration.py::TestCreateTicket::test_create_ticket_invalid_category_fails PASSED [ 13%]
tests/integration/services/test_ticket_service_integration.py::TestUpdateTicket::test_update_ticket_title_and_description PASSED [ 13%]
tests/integration/services/test_ticket_service_integration.py::TestUpdateTicket::test_update_ticket_change_category PASSED [ 13%]
tests/integration/services/test_ticket_service_integration.py::TestUpdateTicket::test_citizen_cannot_update_non_new_ticket PASSED [ 13%]
tests/integration/services/test_ticket_service_integration.py::TestUpdateTicket::test_staff_can_update_in_progress_ticket PASSED [ 13%]
tests/integration/services/test_ticket_service_integration.py::TestUpdateStatus::test_update_status_creates_status_log FAILED [ 13%]
tests/integration/services/test_ticket_service_integration.py::TestUpdateStatus::test_update_status_to_resolved_sets_resolved_at FAILED [ 14%]
tests/integration/services/test_ticket_service_integration.py::TestUpdateStatus::test_update_status_invalid_transition_fails FAILED [ 14%]
tests/integration/services/test_ticket_service_integration.py::TestUpdateStatus::test_update_status_notifies_reporter FAILED [ 14%]
tests/integration/services/test_ticket_service_integration.py::TestAssignTicket::test_assign_ticket_to_team PASSED [ 14%]
tests/integration/services/test_ticket_service_integration.py::TestAssignTicket::test_reassign_ticket_to_different_team PASSED [ 14%]
tests/integration/services/test_ticket_service_integration.py::TestAssignTicket::test_assign_ticket_nonexistent_team_fails PASSED [ 14%]
tests/integration/test_addresses.py::TestListAddresses::test_list_addresses_empty PASSED [ 15%]
tests/integration/test_addresses.py::TestListAddresses::test_list_addresses_with_addresses PASSED [ 15%]
tests/integration/test_addresses.py::TestListAddresses::test_list_addresses_unauthenticated PASSED [ 15%]
tests/integration/test_addresses.py::TestCreateAddress::test_create_address PASSED [ 15%]
tests/integration/test_addresses.py::TestCreateAddress::test_create_duplicate_name PASSED [ 15%]
tests/integration/test_addresses.py::TestCreateAddress::test_create_address_max_limit PASSED [ 15%]
tests/integration/test_addresses.py::TestGetAddress::test_get_address PASSED [ 15%]
tests/integration/test_addresses.py::TestGetAddress::test_get_address_not_found PASSED [ 16%]
tests/integration/test_addresses.py::TestGetAddress::test_get_other_users_address PASSED [ 16%]
tests/integration/test_addresses.py::TestUpdateAddress::test_update_address PASSED [ 16%]
tests/integration/test_addresses.py::TestUpdateAddress::test_update_address_not_found PASSED [ 16%]
tests/integration/test_addresses.py::TestUpdateAddress::test_update_address_duplicate_name PASSED [ 16%]
tests/integration/test_addresses.py::TestDeleteAddress::test_delete_address PASSED [ 16%]
tests/integration/test_addresses.py::TestDeleteAddress::test_delete_address_not_found PASSED [ 16%]
tests/integration/test_auth_flows.py::TestAuthenticationFlows::test_login_and_access_protected_endpoint PASSED [ 17%]
tests/integration/test_auth_flows.py::TestAuthenticationFlows::test_refresh_token_flow PASSED [ 17%]
tests/integration/test_auth_flows.py::TestAuthenticationFlows::test_expired_token_rejected PASSED [ 17%]
tests/integration/test_auth_flows.py::TestAuthenticationFlows::test_invalid_token_rejected PASSED [ 17%]
tests/integration/test_auth_flows.py::TestAuthenticationFlows::test_access_token_cannot_be_used_as_refresh PASSED [ 17%]
tests/integration/test_auth_flows.py::TestTokenSecurity::test_deleted_user_token_rejected PASSED [ 17%]
tests/integration/test_auth_flows.py::TestTokenSecurity::test_inactive_user_token_rejected PASSED [ 18%]
tests/integration/test_auth_flows.py::TestTokenSecurity::test_missing_authorization_header PASSED [ 18%]
tests/integration/test_auth_flows.py::TestTokenSecurity::test_malformed_authorization_header PASSED [ 18%]
tests/integration/test_comments.py::TestListComments::test_get_ticket_comments PASSED [ 18%]
tests/integration/test_comments.py::TestListComments::test_nonexistent_ticket_returns_404 PASSED [ 18%]
tests/integration/test_comments.py::TestListComments::test_unauthenticated_cannot_list_comments PASSED [ 18%]
tests/integration/test_comments.py::TestCreateComment::test_citizen_creates_comment PASSED [ 18%]
tests/integration/test_comments.py::TestCreateComment::test_support_creates_public_comment PASSED [ 19%]
tests/integration/test_comments.py::TestCreateComment::test_support_creates_internal_comment PASSED [ 19%]
tests/integration/test_comments.py::TestCreateComment::test_citizen_cannot_create_internal_comment PASSED [ 19%]
tests/integration/test_comments.py::TestCreateComment::test_comment_content_validation PASSED [ 19%]
tests/integration/test_comments.py::TestCreateComment::test_nonexistent_ticket_returns_404 PASSED [ 19%]
tests/integration/test_comments.py::TestInternalCommentsVisibility::test_citizen_cannot_see_internal_comments PASSED [ 19%]
tests/integration/test_comments.py::TestInternalCommentsVisibility::test_support_can_see_internal_comments PASSED [ 20%]
tests/integration/test_core_permissions.py::TestRoleCheckFunctions::test_is_citizen_returns_true_for_citizen PASSED [ 20%]
tests/integration/test_core_permissions.py::TestRoleCheckFunctions::test_is_citizen_returns_false_for_support PASSED [ 20%]
tests/integration/test_core_permissions.py::TestRoleCheckFunctions::test_is_citizen_returns_false_for_manager PASSED [ 20%]
tests/integration/test_core_permissions.py::TestRoleCheckFunctions::test_is_support_returns_true_for_support PASSED [ 20%]
tests/integration/test_core_permissions.py::TestRoleCheckFunctions::test_is_support_returns_false_for_citizen PASSED [ 20%]
tests/integration/test_core_permissions.py::TestRoleCheckFunctions::test_is_support_returns_false_for_manager PASSED [ 20%]
tests/integration/test_core_permissions.py::TestRoleCheckFunctions::test_is_manager_returns_true_for_manager PASSED [ 21%]
tests/integration/test_core_permissions.py::TestRoleCheckFunctions::test_is_manager_returns_false_for_citizen PASSED [ 21%]
tests/integration/test_core_permissions.py::TestRoleCheckFunctions::test_is_manager_returns_false_for_support PASSED [ 21%]
tests/integration/test_core_permissions.py::TestSupportOrManagerCheck::test_returns_true_for_support PASSED [ 21%]
tests/integration/test_core_permissions.py::TestSupportOrManagerCheck::test_returns_true_for_manager PASSED [ 21%]
tests/integration/test_core_permissions.py::TestSupportOrManagerCheck::test_returns_false_for_citizen PASSED [ 21%]
tests/integration/test_core_permissions.py::TestCanManageTickets::test_support_can_manage_tickets PASSED [ 22%]
tests/integration/test_core_permissions.py::TestCanManageTickets::test_manager_can_manage_tickets PASSED [ 22%]
tests/integration/test_core_permissions.py::TestCanManageTickets::test_citizen_cannot_manage_tickets PASSED [ 22%]
tests/integration/test_core_permissions.py::TestCanViewAnalytics::test_manager_can_view_analytics PASSED [ 22%]
tests/integration/test_core_permissions.py::TestCanViewAnalytics::test_support_cannot_view_analytics PASSED [ 22%]
tests/integration/test_core_permissions.py::TestCanViewAnalytics::test_citizen_cannot_view_analytics PASSED [ 22%]
tests/integration/test_core_permissions.py::TestCanApproveEscalations::test_manager_can_approve_escalations PASSED [ 22%]
tests/integration/test_core_permissions.py::TestCanApproveEscalations::test_support_cannot_approve_escalations PASSED [ 23%]
tests/integration/test_core_permissions.py::TestCanApproveEscalations::test_citizen_cannot_approve_escalations PASSED [ 23%]
tests/integration/test_core_permissions.py::TestRequireRolesDecorator::test_allows_user_with_correct_role PASSED [ 23%]
tests/integration/test_core_permissions.py::TestRequireRolesDecorator::test_rejects_user_with_wrong_role PASSED [ 23%]
tests/integration/test_core_permissions.py::TestRequireRolesDecorator::test_allows_multiple_roles PASSED [ 23%]
tests/integration/test_core_permissions.py::TestRequireRolesDecorator::test_rejects_when_user_not_in_allowed_roles PASSED [ 23%]
tests/integration/test_core_permissions.py::TestRequireRolesDecorator::test_rejects_when_no_user_provided PASSED [ 24%]
tests/integration/test_feedback.py::TestCreateFeedback::test_citizen_creates_feedback_on_resolved_ticket PASSED [ 24%]
tests/integration/test_feedback.py::TestCreateFeedback::test_rating_validation_min PASSED [ 24%]
tests/integration/test_feedback.py::TestCreateFeedback::test_rating_validation_max PASSED [ 24%]
tests/integration/test_feedback.py::TestCreateFeedback::test_feedback_without_comment PASSED [ 24%]
tests/integration/test_feedback.py::TestCreateFeedback::test_cannot_give_feedback_on_new_ticket PASSED [ 24%]
tests/integration/test_feedback.py::TestCreateFeedback::test_only_reporter_can_give_feedback PASSED [ 24%]
tests/integration/test_feedback.py::TestCreateFeedback::test_nonexistent_ticket_returns_404 PASSED [ 25%]
tests/integration/test_feedback.py::TestGetFeedback::test_get_ticket_feedback PASSED [ 25%]
tests/integration/test_feedback.py::TestGetFeedback::test_no_feedback_returns_404 PASSED [ 25%]
tests/integration/test_notifications.py::TestListNotifications::test_user_lists_own_notifications PASSED [ 25%]
tests/integration/test_notifications.py::TestListNotifications::test_unauthenticated_cannot_list_notifications PASSED [ 25%]
tests/integration/test_notifications.py::TestUnreadCount::test_get_unread_count PASSED [ 25%]
tests/integration/test_notifications.py::TestMarkAsRead::test_mark_notification_as_read PASSED [ 26%]
tests/integration/test_notifications.py::TestMarkAsRead::test_cannot_mark_others_notification PASSED [ 26%]
tests/integration/test_notifications.py::TestMarkAsRead::test_nonexistent_notification_returns_404 PASSED [ 26%]
tests/integration/test_notifications.py::TestMarkAllAsRead::test_mark_all_notifications_as_read PASSED [ 26%]
tests/integration/test_notifications.py::TestMarkAllAsRead::test_mark_all_read_with_no_notifications PASSED [ 26%]
tests/integration/test_notifications.py::TestMarkAllAsRead::test_mark_all_read_requires_auth PASSED [ 26%]
tests/integration/test_permissions_integration.py::TestRoleBasedAccess::test_citizen_cannot_access_analytics PASSED [ 26%]
tests/integration/test_permissions_integration.py::TestRoleBasedAccess::test_support_can_access_analytics PASSED [ 27%]
tests/integration/test_permissions_integration.py::TestRoleBasedAccess::test_manager_can_access_analytics PASSED [ 27%]
tests/integration/test_permissions_integration.py::TestEscalationPermissions::test_only_manager_can_approve_escalation PASSED [ 27%]
tests/integration/test_permissions_integration.py::TestEscalationPermissions::test_only_manager_can_reject_escalation PASSED [ 27%]
tests/integration/test_permissions_integration.py::TestTicketManagementPermissions::test_support_can_manage_team_tickets PASSED [ 27%]
tests/integration/test_permissions_integration.py::TestTicketManagementPermissions::test_support_can_manage_any_ticket FAILED [ 27%]
tests/integration/test_permissions_integration.py::TestTicketManagementPermissions::test_manager_can_manage_any_ticket PASSED [ 28%]
tests/integration/test_permissions_integration.py::TestUserManagementPermissions::test_only_manager_can_delete_users PASSED [ 28%]
tests/integration/test_permissions_integration.py::TestUserManagementPermissions::test_only_manager_can_change_user_roles PASSED [ 28%]
tests/integration/test_teams.py::TestListTeams::test_support_lists_teams PASSED [ 28%]
tests/integration/test_teams.py::TestListTeams::test_manager_lists_teams FAILED [ 28%]
tests/integration/test_teams.py::TestListTeams::test_citizen_cannot_list_teams PASSED [ 28%]
tests/integration/test_teams.py::TestGetTeam::test_support_gets_team PASSED [ 28%]
tests/integration/test_teams.py::TestGetTeam::test_manager_gets_team PASSED [ 29%]
tests/integration/test_teams.py::TestGetTeam::test_nonexistent_team_returns_404 PASSED [ 29%]
tests/integration/test_teams.py::TestCreateTeam::test_manager_creates_team PASSED [ 29%]
tests/integration/test_teams.py::TestCreateTeam::test_support_cannot_create_team PASSED [ 29%]
tests/integration/test_teams.py::TestCreateTeam::test_citizen_cannot_create_team PASSED [ 29%]
tests/integration/test_teams.py::TestCreateTeam::test_team_name_required PASSED [ 29%]
tests/integration/test_teams.py::TestUpdateTeam::test_manager_updates_team PASSED [ 30%]
tests/integration/test_teams.py::TestUpdateTeam::test_support_cannot_update_team PASSED [ 30%]
tests/integration/test_teams.py::TestDeleteTeam::test_manager_deletes_team PASSED [ 30%]
tests/integration/test_teams.py::TestDeleteTeam::test_support_cannot_delete_team PASSED [ 30%]
tests/integration/test_teams.py::TestTeamMembers::test_manager_adds_member_to_team PASSED [ 30%]
tests/integration/test_teams.py::TestTeamMembers::test_support_cannot_add_members PASSED [ 30%]
tests/integration/test_teams.py::TestTeamMembers::test_add_nonexistent_user_fails PASSED [ 30%]
tests/integration/test_teams.py::TestTeamMembers::test_manager_removes_member_from_team PASSED [ 31%]
tests/integration/tickets/test_followers.py::TestFollowTicket::test_citizen_follows_ticket PASSED [ 31%]
tests/integration/tickets/test_followers.py::TestFollowTicket::test_follow_ticket_twice_returns_already_following PASSED [ 31%]
tests/integration/tickets/test_followers.py::TestFollowTicket::test_follow_nonexistent_ticket_returns_404 PASSED [ 31%]
tests/integration/tickets/test_followers.py::TestFollowTicket::test_unauthenticated_cannot_follow PASSED [ 31%]
tests/integration/tickets/test_followers.py::TestUnfollowTicket::test_citizen_unfollows_ticket PASSED [ 31%]
tests/integration/tickets/test_followers.py::TestUnfollowTicket::test_unfollow_ticket_not_following PASSED [ 32%]
tests/integration/tickets/test_followers.py::TestUnfollowTicket::test_unauthenticated_cannot_unfollow PASSED [ 32%]
tests/integration/tickets/test_photos.py::TestUploadReportPhoto::test_reporter_can_upload_report_photo PASSED [ 32%]
tests/integration/tickets/test_photos.py::TestUploadReportPhoto::test_reporter_upload_defaults_to_report_type PASSED [ 32%]
tests/integration/tickets/test_photos.py::TestUploadReportPhoto::test_non_reporter_cannot_upload_report_photo PASSED [ 32%]
tests/integration/tickets/test_photos.py::TestUploadProofPhoto::test_support_can_upload_proof_photo PASSED [ 32%]
tests/integration/tickets/test_photos.py::TestUploadProofPhoto::test_manager_can_upload_proof_photo PASSED [ 32%]
tests/integration/tickets/test_photos.py::TestUploadProofPhoto::test_citizen_cannot_upload_proof_photo PASSED [ 33%]
tests/integration/tickets/test_photos.py::TestPhotoUploadErrors::test_upload_to_nonexistent_ticket_returns_404 PASSED [ 33%]
tests/integration/tickets/test_photos.py::TestPhotoUploadErrors::test_unauthenticated_upload_returns_401 PASSED [ 33%]
tests/integration/tickets/test_photos.py::TestPhotoUploadErrors::test_storage_failure_returns_error PASSED [ 33%]
tests/integration/tickets/test_search.py::TestNearbyTickets::test_search_nearby_tickets PASSED [ 33%]
tests/integration/tickets/test_search.py::TestNearbyTickets::test_search_nearby_with_category_filter PASSED [ 33%]
tests/integration/tickets/test_search.py::TestNearbyTickets::test_search_nearby_no_results PASSED [ 33%]
tests/integration/tickets/test_search.py::TestNearbyTickets::test_search_nearby_invalid_latitude PASSED [ 34%]
tests/integration/tickets/test_search.py::TestNearbyTickets::test_search_nearby_invalid_longitude PASSED [ 34%]
tests/integration/tickets/test_search.py::TestNearbyTickets::test_search_nearby_radius_limits PASSED [ 34%]
tests/integration/tickets/test_search.py::TestNearbyTickets::test_unauthenticated_cannot_search_nearby PASSED [ 34%]
tests/integration/tickets/test_search.py::TestNearbyTicketsAdditional::test_nearby_tickets_only_active_statuses PASSED [ 34%]
tests/integration/tickets/test_search.py::TestNearbyTicketsAdditional::test_nearby_tickets_limit_10_results PASSED [ 34%]
tests/integration/tickets/test_search.py::TestNearbyTicketsAdditional::test_nearby_tickets_includes_follower_count PASSED [ 35%]
tests/integration/tickets/test_search.py::TestNearbyTicketsAdditional::test_nearby_tickets_includes_category_name PASSED [ 35%]
tests/integration/tickets/test_search.py::TestNearbyTicketsAdditional::test_nearby_tickets_excludes_deleted PASSED [ 35%]
tests/integration/tickets/test_ticket_assignments.py::TestMyTickets::test_citizen_gets_own_tickets PASSED [ 35%]
tests/integration/tickets/test_ticket_assignments.py::TestMyTickets::test_citizen_with_no_tickets PASSED [ 35%]
tests/integration/tickets/test_ticket_assignments.py::TestMyTickets::test_unauthenticated_cannot_get_my_tickets PASSED [ 35%]
tests/integration/tickets/test_ticket_assignments.py::TestAssignedTickets::test_support_gets_team_assigned_tickets PASSED [ 35%]
tests/integration/tickets/test_ticket_assignments.py::TestAssignedTickets::test_support_without_team_gets_empty PASSED [ 36%]
tests/integration/tickets/test_ticket_assignments.py::TestAssignedTickets::test_citizen_cannot_access_assigned_tickets PASSED [ 36%]
tests/integration/tickets/test_ticket_assignments.py::TestAssignedTickets::test_manager_gets_all_assigned_tickets PASSED [ 36%]
tests/integration/tickets/test_ticket_assignments.py::TestFollowedTickets::test_user_gets_followed_tickets PASSED [ 36%]
tests/integration/tickets/test_ticket_assignments.py::TestFollowedTickets::test_unauthenticated_cannot_access_followed PASSED [ 36%]
tests/integration/tickets/test_ticket_assignments.py::TestFollowedTickets::test_followed_tickets_with_pagination PASSED [ 36%]
tests/integration/tickets/test_ticket_assignments.py::TestFollowedTickets::test_user_with_followed_tickets_sees_others_tickets PASSED [ 37%]
tests/integration/tickets/test_ticket_assignments.py::TestAllTickets::test_manager_gets_all_tickets PASSED [ 37%]
tests/integration/tickets/test_ticket_assignments.py::TestAllTickets::test_support_can_access_all_tickets PASSED [ 37%]
tests/integration/tickets/test_ticket_assignments.py::TestAllTickets::test_citizen_cannot_access_all_tickets PASSED [ 37%]
tests/integration/tickets/test_ticket_assignments.py::TestAssignTicket::test_manager_assigns_ticket_to_team PASSED [ 37%]
tests/integration/tickets/test_ticket_assignments.py::TestAssignTicket::test_support_cannot_assign_ticket PASSED [ 37%]
tests/integration/tickets/test_ticket_assignments.py::TestAssignTicket::test_citizen_cannot_assign_ticket PASSED [ 37%]
tests/integration/tickets/test_ticket_assignments.py::TestAssignTicket::test_assign_to_nonexistent_team_fails PASSED [ 38%]
tests/integration/tickets/test_ticket_assignments.py::TestAssignTicket::test_assign_nonexistent_ticket_fails PASSED [ 38%]
tests/integration/tickets/test_ticket_assignments.py::TestAssignTicket::test_reassign_ticket_to_different_team PASSED [ 38%]
tests/integration/tickets/test_ticket_crud.py::TestCreateTicket::test_citizen_creates_ticket_successfully PASSED [ 38%]
tests/integration/tickets/test_ticket_crud.py::TestCreateTicket::test_create_ticket_with_gps_coordinates PASSED [ 38%]
tests/integration/tickets/test_ticket_crud.py::TestCreateTicket::test_create_ticket_inactive_category_fails PASSED [ 38%]
tests/integration/tickets/test_ticket_crud.py::TestCreateTicket::test_create_ticket_nonexistent_category_fails PASSED [ 39%]
tests/integration/tickets/test_ticket_crud.py::TestCreateTicket::test_create_ticket_title_validation PASSED [ 39%]
tests/integration/tickets/test_ticket_crud.py::TestCreateTicket::test_create_ticket_description_validation PASSED [ 39%]
tests/integration/tickets/test_ticket_crud.py::TestCreateTicket::test_create_ticket_location_required PASSED [ 39%]
tests/integration/tickets/test_ticket_crud.py::TestCreateTicket::test_unauthenticated_cannot_create_ticket PASSED [ 39%]
tests/integration/tickets/test_ticket_crud.py::TestListTickets::test_support_lists_all_tickets PASSED [ 39%]
tests/integration/tickets/test_ticket_crud.py::TestListTickets::test_manager_lists_all_tickets PASSED [ 39%]
tests/integration/tickets/test_ticket_crud.py::TestListTickets::test_citizen_cannot_list_all_tickets PASSED [ 40%]
tests/integration/tickets/test_ticket_crud.py::TestListTickets::test_filter_by_status PASSED [ 40%]
tests/integration/tickets/test_ticket_crud.py::TestListTickets::test_filter_by_category PASSED [ 40%]
tests/integration/tickets/test_ticket_crud.py::TestListTickets::test_pagination PASSED [ 40%]
tests/integration/tickets/test_ticket_crud.py::TestGetTicket::test_citizen_gets_own_ticket PASSED [ 40%]
tests/integration/tickets/test_ticket_crud.py::TestGetTicket::test_citizen_gets_other_ticket PASSED [ 40%]
tests/integration/tickets/test_ticket_crud.py::TestGetTicket::test_support_gets_any_ticket PASSED [ 41%]
tests/integration/tickets/test_ticket_crud.py::TestGetTicket::test_nonexistent_ticket_returns_404 PASSED [ 41%]
tests/integration/tickets/test_ticket_crud.py::TestUpdateTicket::test_citizen_updates_own_new_ticket PASSED [ 41%]
tests/integration/tickets/test_ticket_crud.py::TestUpdateTicket::test_citizen_cannot_update_in_progress_ticket PASSED [ 41%]
tests/integration/tickets/test_ticket_crud.py::TestUpdateTicket::test_support_updates_any_ticket PASSED [ 41%]
tests/integration/tickets/test_ticket_crud.py::TestUpdateTicket::test_cannot_update_closed_ticket PASSED [ 41%]
tests/integration/tickets/test_ticket_crud.py::TestUpdateTicket::test_update_with_invalid_category_fails PASSED [ 41%]
tests/integration/tickets/test_ticket_crud.py::TestDeleteTicket::test_citizen_deletes_own_new_ticket PASSED [ 42%]
tests/integration/tickets/test_ticket_crud.py::TestDeleteTicket::test_citizen_cannot_delete_in_progress_ticket PASSED [ 42%]
tests/integration/tickets/test_ticket_crud.py::TestDeleteTicket::test_citizen_cannot_delete_others_ticket PASSED [ 42%]
tests/integration/tickets/test_ticket_crud.py::TestDeleteTicket::test_unauthenticated_cannot_delete_ticket PASSED [ 42%]
tests/integration/tickets/test_ticket_crud.py::TestDeleteTicket::test_delete_nonexistent_ticket_returns_404 PASSED [ 42%]
tests/integration/tickets/test_ticket_crud.py::TestDeleteTicket::test_support_cannot_delete_others_ticket PASSED [ 42%]
tests/integration/tickets/test_ticket_crud.py::TestDeleteTicket::test_manager_cannot_delete_others_ticket PASSED [ 43%]
tests/integration/tickets/test_ticket_crud.py::TestDeleteTicket::test_support_deletes_own_new_ticket PASSED [ 43%]
tests/integration/tickets/test_ticket_crud.py::TestDeleteTicket::test_manager_deletes_own_new_ticket PASSED [ 43%]
tests/integration/tickets/test_ticket_status.py::TestStatusTransitions::test_new_to_in_progress FAILED [ 43%]
tests/integration/tickets/test_ticket_status.py::TestStatusTransitions::test_in_progress_to_resolved FAILED [ 43%]
tests/integration/tickets/test_ticket_status.py::TestStatusTransitions::test_resolved_to_closed FAILED [ 43%]
tests/integration/tickets/test_ticket_status.py::TestStatusTransitions::test_resolved_to_in_progress_reopen FAILED [ 43%]
tests/integration/tickets/test_ticket_status.py::TestStatusTransitions::test_new_to_escalated FAILED [ 44%]
tests/integration/tickets/test_ticket_status.py::TestStatusTransitions::test_in_progress_to_escalated FAILED [ 44%]
tests/integration/tickets/test_ticket_status.py::TestStatusTransitions::test_escalated_to_in_progress FAILED [ 44%]
tests/integration/tickets/test_ticket_status.py::TestStatusTransitions::test_new_cannot_jump_to_resolved FAILED [ 44%]
tests/integration/tickets/test_ticket_status.py::TestStatusTransitions::test_new_cannot_jump_to_closed FAILED [ 44%]
tests/integration/tickets/test_ticket_status.py::TestStatusTransitions::test_closed_cannot_change FAILED [ 44%]
tests/integration/tickets/test_ticket_status.py::TestStatusTransitions::test_in_progress_cannot_jump_to_closed FAILED [ 45%]
tests/integration/tickets/test_ticket_status.py::TestStatusPermissions::test_citizen_cannot_change_status PASSED [ 45%]
tests/integration/tickets/test_ticket_status.py::TestStatusPermissions::test_support_can_change_status FAILED [ 45%]
tests/integration/tickets/test_ticket_status.py::TestStatusPermissions::test_manager_can_change_status PASSED [ 45%]
tests/integration/tickets/test_ticket_status.py::TestStatusPermissions::test_unauthenticated_cannot_change_status PASSED [ 45%]
tests/integration/tickets/test_ticket_status.py::TestStatusSideEffects::test_resolved_sets_resolved_at FAILED [ 45%]
tests/integration/tickets/test_ticket_status.py::TestStatusSideEffects::test_status_change_with_comment FAILED [ 45%]
tests/integration/tickets/test_ticket_status.py::TestStatusSideEffects::test_nonexistent_ticket_returns_404 PASSED [ 46%]
tests/test_auth.py::TestRequestOTP::test_request_otp_valid_phone PASSED  [ 46%]
tests/test_auth.py::TestRequestOTP::test_request_otp_invalid_phone PASSED [ 46%]
tests/test_auth.py::TestRequestOTP::test_request_otp_non_turkish_phone PASSED [ 46%]
tests/test_auth.py::TestVerifyOTP::test_verify_otp_invalid_code PASSED   [ 46%]
tests/test_auth.py::TestLogin::test_login_verified_user PASSED           [ 46%]
tests/test_auth.py::TestLogin::test_login_unverified_user PASSED         [ 47%]
tests/test_auth.py::TestLogin::test_login_nonexistent_user PASSED        [ 47%]
tests/test_auth.py::TestGetCurrentUser::test_get_me_authenticated PASSED [ 47%]
tests/test_auth.py::TestGetCurrentUser::test_get_me_unauthenticated PASSED [ 47%]
tests/test_auth.py::TestGetCurrentUser::test_get_me_invalid_token PASSED [ 47%]
tests/test_auth.py::TestRefreshToken::test_refresh_token_missing PASSED  [ 47%]
tests/test_auth.py::TestRefreshToken::test_refresh_token_valid PASSED    [ 47%]
tests/test_auth.py::TestRefreshToken::test_refresh_token_invalid PASSED  [ 48%]
tests/test_auth.py::TestRefreshToken::test_refresh_token_wrong_type PASSED [ 48%]
tests/test_auth.py::TestRegister::test_register_new_user PASSED          [ 48%]
tests/test_auth.py::TestRegister::test_register_duplicate_email PASSED   [ 48%]
tests/test_auth.py::TestRegister::test_register_duplicate_phone PASSED   [ 48%]
tests/test_auth.py::TestStaffLogin::test_staff_login_support PASSED      [ 48%]
tests/test_auth.py::TestStaffLogin::test_staff_login_manager PASSED      [ 49%]
tests/test_auth.py::TestStaffLogin::test_staff_login_citizen_rejected PASSED [ 49%]
tests/test_auth.py::TestStaffLogin::test_staff_login_wrong_password PASSED [ 49%]
tests/test_auth.py::TestStaffLogin::test_staff_login_unverified_rejected PASSED [ 49%]
tests/test_auth.py::TestOTPVerification::test_verify_valid_otp_existing_user PASSED [ 49%]
tests/test_auth.py::TestOTPVerification::test_verify_expired_otp PASSED  [ 49%]
tests/test_auth.py::TestOTPVerification::test_request_otp_existing_verified_user PASSED [ 49%]
tests/test_auth.py::TestLoginWrongPassword::test_login_wrong_password PASSED [ 50%]
tests/test_categories.py::TestListCategories::test_list_categories_unauthenticated PASSED [ 50%]
tests/test_categories.py::TestListCategories::test_list_categories_authenticated PASSED [ 50%]
tests/test_categories.py::TestGetCategory::test_get_category PASSED      [ 50%]
tests/test_categories.py::TestGetCategory::test_get_nonexistent_category PASSED [ 50%]
tests/test_categories.py::TestCreateCategory::test_create_category_as_manager PASSED [ 50%]
tests/test_categories.py::TestCreateCategory::test_create_category_as_support PASSED [ 50%]
tests/test_categories.py::TestCreateCategory::test_create_category_as_citizen PASSED [ 51%]
tests/test_categories.py::TestCreateCategory::test_create_duplicate_category PASSED [ 51%]
tests/test_categories.py::TestUpdateCategory::test_update_category_as_manager PASSED [ 51%]
tests/test_categories.py::TestUpdateCategory::test_update_category_as_citizen PASSED [ 51%]
tests/test_categories.py::TestUpdateCategory::test_update_nonexistent_category PASSED [ 51%]
tests/test_categories.py::TestUpdateCategory::test_deactivate_category PASSED [ 51%]
tests/test_escalations.py::test_support_creates_escalation_for_own_team_ticket FAILED [ 52%]
tests/test_escalations.py::test_support_cannot_escalate_another_teams_ticket PASSED [ 52%]
tests/test_escalations.py::test_support_cannot_escalate_unassigned_ticket PASSED [ 52%]
tests/test_escalations.py::test_citizen_cannot_create_escalation PASSED  [ 52%]
tests/test_escalations.py::test_escalation_ticket_not_found PASSED       [ 52%]
tests/test_escalations.py::test_cannot_escalate_with_pending_escalation PASSED [ 52%]
tests/test_escalations.py::test_can_reescalate_after_rejection FAILED    [ 52%]
tests/test_escalations.py::test_cannot_reescalate_after_approval PASSED  [ 53%]
tests/test_escalations.py::test_manager_sees_all_escalations PASSED      [ 53%]
tests/test_escalations.py::test_support_sees_only_own_team_escalations PASSED [ 53%]
tests/test_escalations.py::test_support_other_team_sees_no_escalations PASSED [ 53%]
tests/test_escalations.py::test_citizen_cannot_list_escalations PASSED   [ 53%]
tests/test_escalations.py::test_support_can_view_escalation PASSED       [ 53%]
tests/test_escalations.py::test_escalation_not_found PASSED              [ 54%]
tests/test_escalations.py::test_manager_approves_escalation PASSED       [ 54%]
tests/test_escalations.py::test_support_cannot_approve_escalation PASSED [ 54%]
tests/test_escalations.py::test_manager_rejects_escalation PASSED        [ 54%]
tests/test_escalations.py::test_support_cannot_reject_escalation PASSED  [ 54%]
tests/test_users.py::TestListUsers::test_list_users_as_manager PASSED    [ 54%]
tests/test_users.py::TestListUsers::test_list_users_as_support PASSED    [ 54%]
tests/test_users.py::TestListUsers::test_list_users_as_citizen PASSED    [ 55%]
tests/test_users.py::TestListUsers::test_list_users_unauthenticated PASSED [ 55%]
tests/test_users.py::TestGetUser::test_get_own_user PASSED               [ 55%]
tests/test_users.py::TestGetUser::test_get_other_user_as_citizen PASSED  [ 55%]
tests/test_users.py::TestGetUser::test_get_other_user_as_manager PASSED  [ 55%]
tests/test_users.py::TestUpdateUser::test_update_own_profile PASSED      [ 55%]
tests/test_users.py::TestUpdateUser::test_update_other_user_profile PASSED [ 56%]
tests/test_users.py::TestUpdateUserRole::test_update_role_as_manager PASSED [ 56%]
tests/test_users.py::TestUpdateUserRole::test_update_role_as_support PASSED [ 56%]
tests/test_users.py::TestUpdateUserRole::test_update_role_invalid_role PASSED [ 56%]
tests/test_users.py::TestDeleteUser::test_delete_user_as_manager PASSED  [ 56%]
tests/test_users.py::TestDeleteUser::test_delete_user_as_citizen PASSED  [ 56%]
tests/test_users.py::TestListUsersFiltering::test_list_users_filter_by_role PASSED [ 56%]
tests/test_users.py::TestListUsersFiltering::test_list_users_filter_by_team_id PASSED [ 57%]
tests/test_users.py::TestListUsersFiltering::test_list_users_pagination PASSED [ 57%]
tests/test_users.py::TestUpdateUserAdditional::test_update_user_duplicate_phone_fails PASSED [ 57%]
tests/test_users.py::TestUpdateUserAdditional::test_update_user_partial_update PASSED [ 57%]
tests/test_users.py::TestUpdateUserRoleAdditional::test_update_role_with_team_assignment PASSED [ 57%]
tests/test_users.py::TestUpdateUserRoleAdditional::test_update_role_nonexistent_user PASSED [ 57%]
tests/test_users.py::TestDeleteUserAdditional::test_delete_user_soft_delete_verification PASSED [ 58%]
tests/test_users.py::TestDeleteUserAdditional::test_delete_nonexistent_user PASSED [ 58%]
tests/test_users.py::TestDeleteUserAdditional::test_get_deleted_user_returns_404 PASSED [ 58%]
tests/unit/api/test_addresses.py::TestGetSavedAddresses::test_get_saved_addresses_success PASSED [ 58%]
tests/unit/api/test_addresses.py::TestGetSavedAddresses::test_get_saved_addresses_empty PASSED [ 58%]
tests/unit/api/test_addresses.py::TestCreateSavedAddress::test_create_saved_address_success PASSED [ 58%]
tests/unit/api/test_addresses.py::TestCreateSavedAddress::test_create_saved_address_duplicate_name PASSED [ 58%]
tests/unit/api/test_addresses.py::TestCreateSavedAddress::test_create_saved_address_max_limit PASSED [ 59%]
tests/unit/api/test_addresses.py::TestGetSavedAddress::test_get_saved_address_success PASSED [ 59%]
tests/unit/api/test_addresses.py::TestGetSavedAddress::test_get_saved_address_not_found PASSED [ 59%]
tests/unit/api/test_addresses.py::TestUpdateSavedAddress::test_update_saved_address_success PASSED [ 59%]
tests/unit/api/test_addresses.py::TestUpdateSavedAddress::test_update_saved_address_not_found PASSED [ 59%]
tests/unit/api/test_addresses.py::TestDeleteSavedAddress::test_delete_saved_address_success PASSED [ 59%]
tests/unit/api/test_addresses.py::TestDeleteSavedAddress::test_delete_saved_address_not_found PASSED [ 60%]
tests/unit/api/test_analytics.py::TestGetDashboardKPIs::test_dashboard_kpis_with_data PASSED [ 60%]
tests/unit/api/test_analytics.py::TestGetDashboardKPIs::test_dashboard_kpis_empty_data PASSED [ 60%]
tests/unit/api/test_analytics.py::TestGetTicketHeatmap::test_heatmap_with_data PASSED [ 60%]
tests/unit/api/test_analytics.py::TestGetTicketHeatmap::test_heatmap_empty PASSED [ 60%]
tests/unit/api/test_analytics.py::TestGetTicketHeatmap::test_heatmap_with_category_filter PASSED [ 60%]
tests/unit/api/test_analytics.py::TestGetTeamPerformance::test_team_performance_with_teams FAILED [ 60%]
tests/unit/api/test_analytics.py::TestGetTeamPerformance::test_team_performance_empty_team FAILED [ 61%]
tests/unit/api/test_analytics.py::TestGetTeamMemberPerformance::test_member_performance_success PASSED [ 61%]
tests/unit/api/test_analytics.py::TestGetTeamMemberPerformance::test_member_performance_team_not_found PASSED [ 61%]
tests/unit/api/test_analytics.py::TestGetCategoryStatistics::test_category_stats_success PASSED [ 61%]
tests/unit/api/test_analytics.py::TestGetNeighborhoodStatistics::test_neighborhood_stats_success PASSED [ 61%]
tests/unit/api/test_analytics.py::TestGetNeighborhoodStatistics::test_neighborhood_stats_empty PASSED [ 61%]
tests/unit/api/test_analytics.py::TestGetFeedbackTrends::test_feedback_trends_with_data PASSED [ 62%]
tests/unit/api/test_analytics.py::TestGetFeedbackTrends::test_feedback_trends_no_feedback PASSED [ 62%]
tests/unit/api/test_auth.py::TestRequestOTP::test_request_otp_for_new_phone PASSED [ 62%]
tests/unit/api/test_auth.py::TestRequestOTP::test_request_otp_for_existing_verified_user PASSED [ 62%]
tests/unit/api/test_auth.py::TestVerifyOTP::test_verify_valid_otp_new_user PASSED [ 62%]
tests/unit/api/test_auth.py::TestVerifyOTP::test_verify_otp_invalid_code PASSED [ 62%]
tests/unit/api/test_auth.py::TestVerifyOTP::test_verify_otp_expired PASSED [ 62%]
tests/unit/api/test_auth.py::TestRegister::test_register_success PASSED  [ 63%]
tests/unit/api/test_auth.py::TestRegister::test_register_phone_already_exists PASSED [ 63%]
tests/unit/api/test_auth.py::TestRegister::test_register_email_already_exists PASSED [ 63%]
tests/unit/api/test_auth.py::TestLogin::test_login_success PASSED        [ 63%]
tests/unit/api/test_auth.py::TestLogin::test_login_invalid_credentials PASSED [ 63%]
tests/unit/api/test_auth.py::TestLogin::test_login_wrong_password PASSED [ 63%]
tests/unit/api/test_auth.py::TestLogin::test_login_unverified_user PASSED [ 64%]
tests/unit/api/test_auth.py::TestStaffLogin::test_staff_login_success PASSED [ 64%]
tests/unit/api/test_auth.py::TestStaffLogin::test_staff_login_citizen_rejected PASSED [ 64%]
tests/unit/api/test_auth.py::TestStaffLogin::test_staff_login_unverified PASSED [ 64%]
tests/unit/api/test_auth.py::TestRefreshToken::test_refresh_token_success PASSED [ 64%]
tests/unit/api/test_auth.py::TestRefreshToken::test_refresh_token_invalid PASSED [ 64%]
tests/unit/api/test_auth.py::TestRefreshToken::test_refresh_token_wrong_type PASSED [ 64%]
tests/unit/api/test_auth.py::TestGetCurrentUserInfo::test_returns_user_info FAILED [ 65%]
tests/unit/api/test_categories.py::TestListCategories::test_list_categories_active_only PASSED [ 65%]
tests/unit/api/test_categories.py::TestListCategories::test_list_categories_include_inactive PASSED [ 65%]
tests/unit/api/test_categories.py::TestGetCategory::test_get_category_success PASSED [ 65%]
tests/unit/api/test_categories.py::TestGetCategory::test_get_category_not_found PASSED [ 65%]
tests/unit/api/test_categories.py::TestCreateCategory::test_create_category_success PASSED [ 65%]
tests/unit/api/test_categories.py::TestCreateCategory::test_create_category_duplicate_name PASSED [ 66%]
tests/unit/api/test_categories.py::TestUpdateCategory::test_update_category_success PASSED [ 66%]
tests/unit/api/test_categories.py::TestUpdateCategory::test_update_category_not_found PASSED [ 66%]
tests/unit/api/test_categories.py::TestUpdateCategory::test_update_category_duplicate_name PASSED [ 66%]
tests/unit/api/test_categories.py::TestUpdateCategory::test_update_category_deactivate PASSED [ 66%]
tests/unit/api/test_comments.py::TestListComments::test_list_comments_citizen_only_public PASSED [ 66%]
tests/unit/api/test_comments.py::TestListComments::test_list_comments_support_sees_all PASSED [ 66%]
tests/unit/api/test_comments.py::TestListComments::test_list_comments_ticket_not_found PASSED [ 67%]
tests/unit/api/test_comments.py::TestCreateComment::test_create_public_comment_success PASSED [ 67%]
tests/unit/api/test_comments.py::TestCreateComment::test_create_internal_comment_by_support PASSED [ 67%]
tests/unit/api/test_comments.py::TestCreateComment::test_citizen_cannot_create_internal_comment PASSED [ 67%]
tests/unit/api/test_comments.py::TestCreateComment::test_create_comment_ticket_not_found PASSED [ 67%]
tests/unit/api/test_deps.py::TestGetCurrentUser::test_returns_user_with_valid_token PASSED [ 67%]
tests/unit/api/test_deps.py::TestGetCurrentUser::test_raises_unauthorized_when_token_invalid PASSED [ 67%]
tests/unit/api/test_deps.py::TestGetCurrentUser::test_raises_unauthorized_when_wrong_token_type PASSED [ 68%]
tests/unit/api/test_deps.py::TestGetCurrentUser::test_raises_unauthorized_when_no_subject PASSED [ 68%]
tests/unit/api/test_deps.py::TestGetCurrentUser::test_raises_unauthorized_when_user_not_found PASSED [ 68%]
tests/unit/api/test_deps.py::TestGetCurrentUser::test_raises_unauthorized_when_user_inactive PASSED [ 68%]
tests/unit/api/test_deps.py::TestGetCurrentActiveUser::test_returns_active_user PASSED [ 68%]
tests/unit/api/test_deps.py::TestGetCurrentActiveUser::test_raises_forbidden_when_inactive PASSED [ 68%]
tests/unit/api/test_deps.py::TestGetCurrentVerifiedUser::test_returns_verified_user PASSED [ 69%]
tests/unit/api/test_deps.py::TestGetCurrentVerifiedUser::test_raises_forbidden_when_not_verified PASSED [ 69%]
tests/unit/api/test_deps.py::TestGetSupportUser::test_returns_support_user PASSED [ 69%]
tests/unit/api/test_deps.py::TestGetSupportUser::test_returns_manager_user PASSED [ 69%]
tests/unit/api/test_deps.py::TestGetSupportUser::test_raises_forbidden_for_citizen PASSED [ 69%]
tests/unit/api/test_deps.py::TestGetManagerUser::test_returns_manager_user PASSED [ 69%]
tests/unit/api/test_deps.py::TestGetManagerUser::test_raises_forbidden_for_support PASSED [ 69%]
tests/unit/api/test_deps.py::TestGetManagerUser::test_raises_forbidden_for_citizen PASSED [ 70%]
tests/unit/api/test_escalations.py::TestCreateEscalation::test_create_escalation_success FAILED [ 70%]
tests/unit/api/test_escalations.py::TestCreateEscalation::test_create_escalation_ticket_not_found PASSED [ 70%]
tests/unit/api/test_escalations.py::TestCreateEscalation::test_create_escalation_not_assigned_to_team PASSED [ 70%]
tests/unit/api/test_escalations.py::TestCreateEscalation::test_create_escalation_different_team PASSED [ 70%]
tests/unit/api/test_escalations.py::TestCreateEscalation::test_create_escalation_pending_exists FAILED [ 70%]
tests/unit/api/test_escalations.py::TestListEscalations::test_list_escalations_as_manager FAILED [ 71%]
tests/unit/api/test_escalations.py::TestListEscalations::test_list_escalations_filter_by_status PASSED [ 71%]
tests/unit/api/test_escalations.py::TestGetEscalation::test_get_escalation_success FAILED [ 71%]
tests/unit/api/test_escalations.py::TestGetEscalation::test_get_escalation_not_found PASSED [ 71%]
tests/unit/api/test_escalations.py::TestApproveEscalation::test_approve_escalation_success FAILED [ 71%]
tests/unit/api/test_escalations.py::TestApproveEscalation::test_approve_escalation_not_found PASSED [ 71%]
tests/unit/api/test_escalations.py::TestApproveEscalation::test_approve_already_reviewed PASSED [ 71%]
tests/unit/api/test_escalations.py::TestRejectEscalation::test_reject_escalation_success FAILED [ 72%]
tests/unit/api/test_escalations.py::TestRejectEscalation::test_reject_escalation_not_found PASSED [ 72%]
tests/unit/api/test_feedback.py::TestSubmitFeedback::test_submit_feedback_success PASSED [ 72%]
tests/unit/api/test_feedback.py::TestSubmitFeedback::test_submit_feedback_closed_ticket PASSED [ 72%]
tests/unit/api/test_feedback.py::TestSubmitFeedback::test_submit_feedback_ticket_not_found PASSED [ 72%]
tests/unit/api/test_feedback.py::TestSubmitFeedback::test_submit_feedback_not_reporter PASSED [ 72%]
tests/unit/api/test_feedback.py::TestSubmitFeedback::test_submit_feedback_wrong_status PASSED [ 73%]
tests/unit/api/test_feedback.py::TestSubmitFeedback::test_submit_feedback_already_exists PASSED [ 73%]
tests/unit/api/test_feedback.py::TestGetFeedback::test_get_feedback_success PASSED [ 73%]
tests/unit/api/test_feedback.py::TestGetFeedback::test_get_feedback_not_found PASSED [ 73%]
tests/unit/api/test_notifications.py::TestListNotifications::test_list_notifications_success FAILED [ 73%]
tests/unit/api/test_notifications.py::TestListNotifications::test_list_notifications_unread_only PASSED [ 73%]
tests/unit/api/test_notifications.py::TestGetUnreadCount::test_get_unread_count_with_notifications PASSED [ 73%]
tests/unit/api/test_notifications.py::TestGetUnreadCount::test_get_unread_count_none PASSED [ 74%]
tests/unit/api/test_notifications.py::TestMarkAsRead::test_mark_as_read_success FAILED [ 74%]
tests/unit/api/test_notifications.py::TestMarkAsRead::test_mark_as_read_not_found PASSED [ 74%]
tests/unit/api/test_notifications.py::TestMarkAllAsRead::test_mark_all_as_read_success PASSED [ 74%]
tests/unit/api/test_notifications.py::TestMarkAllAsRead::test_mark_all_as_read_no_notifications PASSED [ 74%]
tests/unit/api/test_teams.py::TestListTeams::test_list_teams_success FAILED [ 74%]
tests/unit/api/test_teams.py::TestListTeams::test_list_teams_empty FAILED [ 75%]
tests/unit/api/test_teams.py::TestGetTeam::test_get_team_success PASSED  [ 75%]
tests/unit/api/test_teams.py::TestGetTeam::test_get_team_not_found PASSED [ 75%]
tests/unit/api/test_teams.py::TestCreateTeam::test_create_team_success FAILED [ 75%]
tests/unit/api/test_teams.py::TestCreateTeam::test_create_team_duplicate_name PASSED [ 75%]
tests/unit/api/test_teams.py::TestUpdateTeam::test_update_team_success PASSED [ 75%]
tests/unit/api/test_teams.py::TestUpdateTeam::test_update_team_not_found PASSED [ 75%]
tests/unit/api/test_teams.py::TestUpdateTeam::test_update_team_duplicate_name PASSED [ 76%]
tests/unit/api/test_teams.py::TestDeleteTeam::test_delete_team_success FAILED [ 76%]
tests/unit/api/test_teams.py::TestDeleteTeam::test_delete_team_not_found PASSED [ 76%]
tests/unit/api/test_teams.py::TestAddTeamMember::test_add_member_success FAILED [ 76%]
tests/unit/api/test_teams.py::TestAddTeamMember::test_add_member_team_not_found PASSED [ 76%]
tests/unit/api/test_teams.py::TestAddTeamMember::test_add_member_user_not_found FAILED [ 76%]
tests/unit/api/test_teams.py::TestRemoveTeamMember::test_remove_member_success FAILED [ 77%]
tests/unit/api/test_teams.py::TestRemoveTeamMember::test_remove_member_not_in_team FAILED [ 77%]
tests/unit/api/test_users.py::TestListUsers::test_list_users_success PASSED [ 77%]
tests/unit/api/test_users.py::TestListUsers::test_list_users_filter_by_role PASSED [ 77%]
tests/unit/api/test_users.py::TestGetUser::test_get_own_user PASSED      [ 77%]
tests/unit/api/test_users.py::TestGetUser::test_manager_can_view_any_user PASSED [ 77%]
tests/unit/api/test_users.py::TestGetUser::test_citizen_cannot_view_other_user PASSED [ 77%]
tests/unit/api/test_users.py::TestGetUser::test_get_nonexistent_user PASSED [ 78%]
tests/unit/api/test_users.py::TestUpdateUser::test_update_own_profile PASSED [ 78%]
tests/unit/api/test_users.py::TestUpdateUser::test_cannot_update_other_user PASSED [ 78%]
tests/unit/api/test_users.py::TestUpdateUser::test_update_phone_conflict PASSED [ 78%]
tests/unit/api/test_users.py::TestUpdateUserRole::test_promote_to_support PASSED [ 78%]
tests/unit/api/test_users.py::TestUpdateUserRole::test_assign_team_with_role PASSED [ 78%]
tests/unit/api/test_users.py::TestUpdateUserRole::test_update_nonexistent_user_role PASSED [ 79%]
tests/unit/api/test_users.py::TestDeleteUser::test_soft_delete_user PASSED [ 79%]
tests/unit/api/test_users.py::TestDeleteUser::test_delete_nonexistent_user PASSED [ 79%]
tests/unit/core/test_permissions.py::TestRoleChecks::test_is_citizen PASSED [ 79%]
tests/unit/core/test_permissions.py::TestRoleChecks::test_is_support PASSED [ 79%]
tests/unit/core/test_permissions.py::TestRoleChecks::test_is_manager PASSED [ 79%]
tests/unit/core/test_permissions.py::TestRoleChecks::test_is_support_or_manager PASSED [ 79%]
tests/unit/core/test_permissions.py::TestPermissionChecks::test_can_manage_tickets PASSED [ 80%]
tests/unit/core/test_permissions.py::TestPermissionChecks::test_can_view_analytics PASSED [ 80%]
tests/unit/core/test_permissions.py::TestPermissionChecks::test_can_approve_escalations PASSED [ 80%]
tests/unit/core/test_permissions.py::TestRequireRolesDecorator::test_require_roles_allows_valid_role PASSED [ 80%]
tests/unit/core/test_permissions.py::TestRequireRolesDecorator::test_require_roles_denies_invalid_role PASSED [ 80%]
tests/unit/core/test_permissions.py::TestRequireRolesDecorator::test_require_roles_denies_unauthenticated_user PASSED [ 80%]
tests/unit/core/test_permissions.py::TestRequireRolesDecorator::test_require_roles_allows_single_role PASSED [ 81%]
tests/unit/core/test_permissions.py::TestRequireRolesDecorator::test_require_roles_preserves_function_return PASSED [ 81%]
tests/unit/core/test_rate_limit.py::TestRateLimitConfig::test_config_creation PASSED [ 81%]
tests/unit/core/test_rate_limit.py::TestInMemoryRateLimiter::test_first_request_not_limited PASSED [ 81%]
tests/unit/core/test_rate_limit.py::TestInMemoryRateLimiter::test_under_limit_not_limited PASSED [ 81%]
tests/unit/core/test_rate_limit.py::TestInMemoryRateLimiter::test_at_limit_becomes_limited PASSED [ 81%]
tests/unit/core/test_rate_limit.py::TestInMemoryRateLimiter::test_different_keys_independent PASSED [ 81%]
tests/unit/core/test_rate_limit.py::TestInMemoryRateLimiter::test_reset_clears_limit PASSED [ 82%]
tests/unit/core/test_rate_limit.py::TestInMemoryRateLimiter::test_reset_nonexistent_key_no_error PASSED [ 82%]
tests/unit/core/test_rate_limit.py::TestInMemoryRateLimiter::test_cleanup_old_requests PASSED [ 82%]
tests/unit/core/test_rate_limit.py::TestGetClientIP::test_get_ip_from_x_forwarded_for PASSED [ 82%]
tests/unit/core/test_rate_limit.py::TestGetClientIP::test_get_ip_from_client_host PASSED [ 82%]
tests/unit/core/test_rate_limit.py::TestGetClientIP::test_get_ip_no_client PASSED [ 82%]
tests/unit/core/test_rate_limit.py::TestGetClientIP::test_get_ip_strips_whitespace PASSED [ 83%]
tests/unit/core/test_rate_limit.py::TestCheckRateLimit::test_check_rate_limit_passes_under_limit PASSED [ 83%]
tests/unit/core/test_rate_limit.py::TestCheckRateLimit::test_check_rate_limit_raises_when_limited PASSED [ 83%]
tests/unit/core/test_rate_limit.py::TestCheckRateLimit::test_check_rate_limit_uses_key_suffix PASSED [ 83%]
tests/unit/core/test_security.py::TestJWTTokens::test_create_access_token PASSED [ 83%]
tests/unit/core/test_security.py::TestJWTTokens::test_create_access_token_with_expiry PASSED [ 83%]
tests/unit/core/test_security.py::TestJWTTokens::test_create_refresh_token PASSED [ 83%]
tests/unit/core/test_security.py::TestJWTTokens::test_decode_valid_token PASSED [ 84%]
tests/unit/core/test_security.py::TestJWTTokens::test_decode_invalid_token PASSED [ 84%]
tests/unit/core/test_security.py::TestJWTTokens::test_decode_expired_token PASSED [ 84%]
tests/unit/core/test_security.py::TestOTPGeneration::test_generate_otp_code PASSED [ 84%]
tests/unit/core/test_security.py::TestOTPGeneration::test_generate_otp_code_uniqueness PASSED [ 84%]
tests/unit/core/test_security.py::TestOTPGeneration::test_get_otp_expiry PASSED [ 84%]
tests/unit/core/test_security.py::TestOTPGeneration::test_get_otp_expiry_is_5_minutes PASSED [ 84%]
tests/unit/core/test_security.py::TestPasswordHashing::test_hash_password PASSED [ 85%]
tests/unit/core/test_security.py::TestPasswordHashing::test_hash_password_produces_different_hashes PASSED [ 85%]
tests/unit/core/test_security.py::TestPasswordHashing::test_verify_password_correct PASSED [ 85%]
tests/unit/core/test_security.py::TestPasswordHashing::test_verify_password_incorrect PASSED [ 85%]
tests/unit/core/test_security.py::TestPasswordHashing::test_verify_password_empty PASSED [ 85%]
tests/unit/core/test_security.py::TestPasswordHashing::test_hash_password_truncates_long_passwords PASSED [ 85%]
tests/unit/core/test_security.py::TestPasswordHashing::test_hash_password_unicode PASSED [ 86%]
tests/unit/services/test_notification_service.py::TestCreateNotification::test_creates_notification_with_all_fields PASSED [ 86%]
tests/unit/services/test_notification_service.py::TestCreateNotification::test_creates_notification_without_ticket_id PASSED [ 86%]
tests/unit/services/test_notification_service.py::TestNotifyTicketCreated::test_notifies_reporter PASSED [ 86%]
tests/unit/services/test_notification_service.py::TestNotifyTicketFollowed::test_notifies_reporter_when_others_follow PASSED [ 86%]
tests/unit/services/test_notification_service.py::TestNotifyTicketFollowed::test_does_not_notify_when_reporter_follows_own_ticket PASSED [ 86%]
tests/unit/services/test_notification_service.py::TestNotifyTicketStatusChanged::test_notifies_reporter_on_status_change PASSED [ 86%]
tests/unit/services/test_notification_service.py::TestNotifyTicketStatusChanged::test_does_not_notify_reporter_if_self_change PASSED [ 87%]
tests/unit/services/test_notification_service.py::TestNotifyTicketStatusChanged::test_notifies_followers_on_status_change PASSED [ 87%]
tests/unit/services/test_notification_service.py::TestNotifyTicketStatusChanged::test_status_labels_in_message PASSED [ 87%]
tests/unit/services/test_sms.py::TestSMSService::test_init_with_twilio_enabled PASSED [ 87%]
tests/unit/services/test_sms.py::TestSMSService::test_init_with_twilio_disabled PASSED [ 87%]
tests/unit/services/test_sms.py::TestSMSService::test_send_otp_disabled PASSED [ 87%]
tests/unit/services/test_sms.py::TestSMSService::test_send_otp_success PASSED [ 88%]
tests/unit/services/test_sms.py::TestSMSService::test_send_ticket_status_update_disabled PASSED [ 88%]
tests/unit/services/test_sms.py::TestSMSService::test_send_ticket_status_update_in_progress PASSED [ 88%]
tests/unit/services/test_sms.py::TestSMSService::test_send_ticket_status_update_unknown_status_uses_raw_value PASSED [ 88%]
tests/unit/services/test_sms.py::TestSMSService::test_send_sms_returns_false_when_client_missing PASSED [ 88%]
tests/unit/services/test_sms.py::TestSMSService::test_send_sms_handles_client_exception PASSED [ 88%]
tests/unit/services/test_sms.py::TestSMSService::test_send_sms_disabled PASSED [ 88%]
tests/unit/services/test_sms.py::TestSMSService::test_send_sms_success PASSED [ 89%]
tests/unit/services/test_storage.py::TestStorageService::test_init PASSED [ 89%]
tests/unit/services/test_storage.py::TestStorageService::test_get_client_creates_client PASSED [ 89%]
tests/unit/services/test_storage.py::TestStorageService::test_get_client_creates_bucket_if_not_exists PASSED [ 89%]
tests/unit/services/test_storage.py::TestStorageService::test_get_client_caches_client PASSED [ 89%]
tests/unit/services/test_storage.py::TestStorageService::test_upload_file_success PASSED [ 89%]
tests/unit/services/test_storage.py::TestStorageService::test_upload_file_with_custom_folder PASSED [ 90%]
tests/unit/services/test_storage.py::TestStorageService::test_upload_file_failure_returns_none PASSED [ 90%]
tests/unit/services/test_storage.py::TestStorageService::test_get_presigned_url_success PASSED [ 90%]
tests/unit/services/test_storage.py::TestStorageService::test_get_presigned_url_with_custom_expiry PASSED [ 90%]
tests/unit/services/test_storage.py::TestStorageService::test_get_presigned_url_failure_returns_none PASSED [ 90%]
tests/unit/services/test_storage.py::TestStorageService::test_delete_file_success PASSED [ 90%]
tests/unit/services/test_storage.py::TestStorageService::test_delete_file_failure_returns_false PASSED [ 90%]
tests/unit/services/test_storage.py::TestStorageService::test_get_public_url PASSED [ 91%]
tests/unit/services/test_storage.py::TestStorageService::test_get_public_url_https PASSED [ 91%]
tests/unit/services/test_storage.py::TestStorageService::test_ensure_bucket_exists_handles_s3_error PASSED [ 91%]
tests/unit/services/test_team_assignment_service.py::TestFindMatchingTeam::test_find_team_by_category_and_district PASSED [ 91%]
tests/unit/services/test_team_assignment_service.py::TestFindMatchingTeam::test_find_team_by_category_in_city PASSED [ 91%]
tests/unit/services/test_team_assignment_service.py::TestFindMatchingTeam::test_find_team_by_category_only PASSED [ 91%]
tests/unit/services/test_team_assignment_service.py::TestFindMatchingTeam::test_no_matching_team_returns_none PASSED [ 92%]
tests/unit/services/test_team_assignment_service.py::TestFindMatchingTeam::test_find_team_without_district PASSED [ 92%]
tests/unit/services/test_team_assignment_service.py::TestGetTeamWorkload::test_workload_counts_active_tickets PASSED [ 92%]
tests/unit/services/test_team_assignment_service.py::TestGetTeamWorkload::test_workload_returns_zero_for_no_tickets PASSED [ 92%]
tests/unit/services/test_team_assignment_service.py::TestGetTeamWorkload::test_workload_excludes_resolved_and_closed PASSED [ 92%]
tests/unit/services/test_ticket_query_service.py::TestValidTransitions::test_new_can_transition_to_in_progress PASSED [ 92%]
tests/unit/services/test_ticket_query_service.py::TestValidTransitions::test_new_can_transition_to_escalated PASSED [ 92%]
tests/unit/services/test_ticket_query_service.py::TestValidTransitions::test_in_progress_can_transition_to_resolved PASSED [ 93%]
tests/unit/services/test_ticket_query_service.py::TestValidTransitions::test_in_progress_can_transition_to_escalated PASSED [ 93%]
tests/unit/services/test_ticket_query_service.py::TestValidTransitions::test_escalated_can_transition_to_in_progress PASSED [ 93%]
tests/unit/services/test_ticket_query_service.py::TestValidTransitions::test_resolved_can_transition_to_closed PASSED [ 93%]
tests/unit/services/test_ticket_query_service.py::TestValidTransitions::test_resolved_can_transition_to_in_progress PASSED [ 93%]
tests/unit/services/test_ticket_query_service.py::TestValidTransitions::test_closed_can_transition_to_in_progress PASSED [ 93%]
tests/unit/services/test_ticket_query_service.py::TestBuildTicketResponse::test_build_ticket_response_basic PASSED [ 94%]
tests/unit/services/test_ticket_query_service.py::TestBuildTicketResponse::test_build_ticket_response_with_photos PASSED [ 94%]
tests/unit/services/test_ticket_query_service.py::TestBuildTicketResponse::test_build_ticket_response_with_comments PASSED [ 94%]
tests/unit/services/test_ticket_query_service.py::TestBuildTicketResponse::test_build_ticket_response_with_followers PASSED [ 94%]
tests/unit/services/test_ticket_query_service.py::TestBuildTicketResponse::test_build_ticket_response_with_team PASSED [ 94%]
tests/unit/services/test_ticket_query_service.py::TestBuildTicketResponse::test_build_ticket_response_no_category PASSED [ 94%]
tests/unit/services/test_ticket_query_service.py::TestBuildTicketResponse::test_build_ticket_response_no_reporter PASSED [ 94%]
tests/unit/services/test_ticket_query_service.py::TestBuildTicketDetailResponse::test_build_detail_response_basic PASSED [ 95%]
tests/unit/services/test_ticket_query_service.py::TestBuildTicketDetailResponse::test_build_detail_response_is_following_true PASSED [ 95%]
tests/unit/services/test_ticket_query_service.py::TestBuildTicketDetailResponse::test_build_detail_response_is_following_false PASSED [ 95%]
tests/unit/services/test_ticket_query_service.py::TestBuildTicketDetailResponse::test_build_detail_response_filters_internal_comments_for_citizen PASSED [ 95%]
tests/unit/services/test_ticket_query_service.py::TestBuildTicketDetailResponse::test_build_detail_response_shows_internal_comments_for_support PASSED [ 95%]
tests/unit/services/test_ticket_query_service.py::TestBuildTicketDetailResponse::test_build_detail_response_has_feedback PASSED [ 95%]
tests/unit/services/test_ticket_query_service.py::TestBuildTicketDetailResponse::test_build_detail_response_no_feedback PASSED [ 96%]
tests/unit/services/test_ticket_query_service.py::TestBuildTicketDetailResponse::test_build_detail_response_has_escalation PASSED [ 96%]
tests/unit/services/test_ticket_query_service.py::TestBuildTicketDetailResponse::test_build_detail_response_can_escalate_when_no_pending PASSED [ 96%]
tests/unit/services/test_ticket_query_service.py::TestBuildTicketDetailResponse::test_build_detail_response_cannot_escalate_when_pending PASSED [ 96%]
tests/unit/services/test_ticket_query_service.py::TestBuildTicketDetailResponse::test_build_detail_response_cannot_escalate_when_approved PASSED [ 96%]
tests/unit/services/test_ticket_query_service.py::TestBuildTicketDetailResponse::test_build_detail_response_cannot_escalate_without_team PASSED [ 96%]
tests/unit/services/test_ticket_query_service.py::TestBuildTicketDetailResponse::test_build_detail_response_status_logs PASSED [ 96%]
tests/unit/services/test_ticket_service.py::TestTicketServiceCreate::test_create_ticket_validates_category_exists PASSED [ 97%]
tests/unit/services/test_ticket_service.py::TestTicketServiceCreate::test_create_ticket_validates_category_is_active PASSED [ 97%]
tests/unit/services/test_ticket_service.py::TestTicketServiceUpdate::test_citizen_can_update_own_new_ticket PASSED [ 97%]
tests/unit/services/test_ticket_service.py::TestTicketServiceUpdate::test_citizen_cannot_update_non_new_ticket PASSED [ 97%]
tests/unit/services/test_ticket_service.py::TestTicketServiceUpdate::test_citizen_cannot_update_others_ticket PASSED [ 97%]
tests/unit/services/test_ticket_service.py::TestTicketServiceUpdate::test_support_can_update_any_ticket PASSED [ 97%]
tests/unit/services/test_ticket_service.py::TestTicketServiceUpdate::test_nobody_can_update_closed_ticket PASSED [ 98%]
tests/unit/services/test_ticket_service.py::TestTicketServiceUpdate::test_update_with_invalid_category_fails PASSED [ 98%]
tests/unit/services/test_ticket_service.py::TestTicketServiceUpdateStatus::test_new_to_in_progress FAILED [ 98%]
tests/unit/services/test_ticket_service.py::TestTicketServiceUpdateStatus::test_in_progress_to_resolved FAILED [ 98%]
tests/unit/services/test_ticket_service.py::TestTicketServiceUpdateStatus::test_resolved_to_closed FAILED [ 98%]
tests/unit/services/test_ticket_service.py::TestTicketServiceUpdateStatus::test_resolved_to_in_progress_reopen FAILED [ 98%]
tests/unit/services/test_ticket_service.py::TestTicketServiceUpdateStatus::test_new_to_escalated FAILED [ 98%]
tests/unit/services/test_ticket_service.py::TestTicketServiceUpdateStatus::test_new_cannot_jump_to_resolved FAILED [ 99%]
tests/unit/services/test_ticket_service.py::TestTicketServiceUpdateStatus::test_new_cannot_jump_to_closed FAILED [ 99%]
tests/unit/services/test_ticket_service.py::TestTicketServiceUpdateStatus::test_closed_cannot_change FAILED [ 99%]
tests/unit/services/test_ticket_service.py::TestTicketServiceUpdateStatus::test_in_progress_cannot_jump_to_closed FAILED [ 99%]
tests/unit/services/test_ticket_service.py::TestTicketServiceUpdateStatus::test_status_change_creates_log_entry FAILED [ 99%]
tests/unit/services/test_ticket_service.py::TestTicketServiceAssign::test_assign_ticket_to_valid_team PASSED [ 99%]
tests/unit/services/test_ticket_service.py::TestTicketServiceAssign::test_assign_ticket_to_nonexistent_team_fails PASSED [100%]

=================================== FAILURES ===================================
____ TestTeamPerformanceAnalytics.test_manager_can_access_team_performance _____

self = <tests.integration.analytics.test_analytics.TestTeamPerformanceAnalytics object at 0xffff984982d0>
client = <httpx.AsyncClient object at 0xffff974f6d50>
manager_token = 'eyJhbGciOiJIUzI1NiIsInR5cCI6IkpXVCJ9.eyJzdWIiOiJmZDIyY2M2OS1lY2YwLTQ2MDUtOWZkOS0zYmM2MzBmNzY3OGMiLCJleHAiOjE3NjY5MjgxNDcsInR5cGUiOiJhY2Nlc3MifQ.Z--l0lrfdq9vYOX9f2BZmtIlROyuk2bGckIAPCR1l4E'

    async def test_manager_can_access_team_performance(
        self, client: AsyncClient, manager_token: str
    ):
        """Manager should be able to access team performance."""
        response = await client.get(
            "/api/v1/analytics/teams",
            headers=auth_headers(manager_token),
        )
        assert response.status_code == 200
        data = response.json()
>       assert "teams" in data
E       AssertionError: assert 'teams' in {'items': []}

tests/integration/analytics/test_analytics.py:141: AssertionError
----------------------------- Captured stderr call -----------------------------
INFO:httpx:HTTP Request: GET http://test/api/v1/analytics/teams "HTTP/1.1 200 OK"
------------------------------ Captured log call -------------------------------
INFO     httpx:_client.py:1740 HTTP Request: GET http://test/api/v1/analytics/teams "HTTP/1.1 200 OK"
_________ TestTeamPerformanceAnalytics.test_team_performance_with_team _________

self = <tests.integration.analytics.test_analytics.TestTeamPerformanceAnalytics object at 0xffff98498e10>
client = <httpx.AsyncClient object at 0xffff976a06e0>
manager_token = 'eyJhbGciOiJIUzI1NiIsInR5cCI6IkpXVCJ9.eyJzdWIiOiJjNTU2MmIyYy03ZDVlLTRhZTctOTA0Yy1kNzAwZGFlNGQ5YjciLCJleHAiOjE3NjY5MjgxNDcsInR5cGUiOiJhY2Nlc3MifQ.0PLPMRykTyl3yx4Djq_WMwf5tdIpWaMcSZcSzk339Ok'
team = <Team Infrastructure Team>

    async def test_team_performance_with_team(
        self, client: AsyncClient, manager_token: str, team: Team
    ):
        """Team performance should include team data."""
        response = await client.get(
            "/api/v1/analytics/teams",
            headers=auth_headers(manager_token),
        )
        assert response.status_code == 200
        data = response.json()
>       assert len(data["teams"]) >= 1
                   ^^^^^^^^^^^^^
E       KeyError: 'teams'

tests/integration/analytics/test_analytics.py:153: KeyError
----------------------------- Captured stdout call -----------------------------
DEBUG: Team Infrastructure Team (ffde26f1-7d7a-47f5-a48f-09c581b47278) - Members: 0 - IDs: []
----------------------------- Captured stderr call -----------------------------
INFO:httpx:HTTP Request: GET http://test/api/v1/analytics/teams "HTTP/1.1 200 OK"
------------------------------ Captured log call -------------------------------
INFO     httpx:_client.py:1740 HTTP Request: GET http://test/api/v1/analytics/teams "HTTP/1.1 200 OK"
___ TestTeamPerformanceAnalytics.test_team_performance_with_assigned_tickets ___

self = <tests.integration.analytics.test_analytics.TestTeamPerformanceAnalytics object at 0xffff984a0180>
client = <httpx.AsyncClient object at 0xffff9765f7a0>
manager_token = 'eyJhbGciOiJIUzI1NiIsInR5cCI6IkpXVCJ9.eyJzdWIiOiIyZGFiNTk0My1jMjVhLTQ5ZDItOTA1OC1kMzI0ZTE2MTk4OGUiLCJleHAiOjE3NjY5MjgxNDgsInR5cGUiOiJhY2Nlc3MifQ.GAiqz6b2G6fjIVvXnoRG4FgONEzDp1e1zbaIXC9x20k'
ticket = <Ticket 917c45a4-49bc-42c1-96ba-5fd55ebed194 (NEW)>
team = <Team Infrastructure Team>
support_user_with_team = <User +905551111111 (SUPPORT)>

    async def test_team_performance_with_assigned_tickets(
        self,
        client: AsyncClient,
        manager_token: str,
        ticket: Ticket,
        team: Team,
        support_user_with_team: User,  # Ensure team has a member
    ):
        """Team performance should reflect assigned tickets."""
        response = await client.get(
            "/api/v1/analytics/teams",
            headers=auth_headers(manager_token),
        )
        assert response.status_code == 200
        data = response.json()
        # Find our team in the response
        team_data = next(
>           (t for t in data["teams"] if str(t["team_id"]) == str(team.id)), None
                        ^^^^^^^^^^^^^
        )
E       KeyError: 'teams'

tests/integration/analytics/test_analytics.py:179: KeyError
----------------------------- Captured stdout call -----------------------------
DEBUG: Team Infrastructure Team (3b9d9cf4-5065-43b4-aab5-bea57c4c509f) - Members: 1 - IDs: [UUID('39ab5831-1fe1-4079-aa85-ee09f8f73d6e')]
----------------------------- Captured stderr call -----------------------------
INFO:httpx:HTTP Request: GET http://test/api/v1/analytics/teams "HTTP/1.1 200 OK"
------------------------------ Captured log call -------------------------------
INFO     httpx:_client.py:1740 HTTP Request: GET http://test/api/v1/analytics/teams "HTTP/1.1 200 OK"
____________ TestUpdateStatus.test_update_status_creates_status_log ____________

self = <tests.integration.services.test_ticket_service_integration.TestUpdateStatus object at 0xffff983e9f90>
db_session = <sqlalchemy.ext.asyncio.session.AsyncSession object at 0xffff96216930>
ticket_service = <app.services.ticket_service.TicketService object at 0xffff96418bb0>
ticket = <Ticket 73cd34d0-0f30-4d02-b1db-a4437e480055 (NEW)>
support_user = <User +905559876543 (SUPPORT)>

    async def test_update_status_creates_status_log(
        self,
        db_session: AsyncSession,
        ticket_service: TicketService,
        ticket: Ticket,
        support_user: User,
    ):
        """Should create status log entry on status change."""
        ticket.status = TicketStatus.NEW
        await db_session.commit()
    
>       await ticket_service.update_status(
            db_session,
            ticket,
            TicketStatus.IN_PROGRESS,
            comment="Starting work on this ticket",
            current_user=support_user,
        )

tests/integration/services/test_ticket_service_integration.py:408: 
_ _ _ _ _ _ _ _ _ _ _ _ _ _ _ _ _ _ _ _ _ _ _ _ _ _ _ _ _ _ _ _ _ _ _ _ _ _ _ _ 

self = <app.services.ticket_service.TicketService object at 0xffff96418bb0>
db = <sqlalchemy.ext.asyncio.session.AsyncSession object at 0xffff96216930>
ticket = <Ticket 73cd34d0-0f30-4d02-b1db-a4437e480055 (NEW)>
new_status = <TicketStatus.IN_PROGRESS: 'IN_PROGRESS'>
comment = 'Starting work on this ticket'
current_user = <User +905559876543 (SUPPORT)>

    async def update_status(
        self,
        db: AsyncSession,
        ticket: Ticket,
        new_status: TicketStatus,
        comment: str | None,
        current_user: User,
    ) -> Ticket:
        """Update ticket status with validation.
    
        Args:
            db: Database session.
            ticket: The ticket to update.
            new_status: The new status.
            comment: Optional comment for the status change.
            current_user: The user making the change.
    
        Returns:
            The updated ticket.
    
        Raises:
            InvalidStatusTransitionException: If the transition is not allowed.
            ForbiddenException: If support user tries to update ticket from another team.
        """
        # Support users can only update tickets from their own team
        if current_user.role == UserRole.SUPPORT:
            if ticket.team_id is None:
                raise ForbiddenException(
                    detail="Cannot update status of unassigned tickets"
                )
            if ticket.team_id != current_user.team_id:
>               raise ForbiddenException(
                    detail="You can only update status of tickets assigned to your team"
                )
E               app.core.exceptions.ForbiddenException: 403: You can only update status of tickets assigned to your team

app/services/ticket_service.py:283: ForbiddenException
_______ TestUpdateStatus.test_update_status_to_resolved_sets_resolved_at _______

self = <tests.integration.services.test_ticket_service_integration.TestUpdateStatus object at 0xffff983ea0d0>
db_session = <sqlalchemy.ext.asyncio.session.AsyncSession object at 0xffff960ee030>
ticket_service = <app.services.ticket_service.TicketService object at 0xffff960f9550>
[...]

self = <app.services.ticket_service.TicketService object at 0xffff9c2f8280>
db = <AsyncMock id='281473088331056'>
ticket = <Ticket 7f74143c-6a3e-4ab8-a9a8-679efc5fa851 (NEW)>
new_status = <TicketStatus.ESCALATED: 'ESCALATED'>
comment = 'Needs manager review', current_user = <User +905559876543 (SUPPORT)>

    async def update_status(
        self,
        db: AsyncSession,
        ticket: Ticket,
        new_status: TicketStatus,
        comment: str | None,
        current_user: User,
    ) -> Ticket:
        """Update ticket status with validation.
    
        Args:
            db: Database session.
            ticket: The ticket to update.
            new_status: The new status.
            comment: Optional comment for the status change.
            current_user: The user making the change.
    
        Returns:
            The updated ticket.
    
        Raises:
            InvalidStatusTransitionException: If the transition is not allowed.
            ForbiddenException: If support user tries to update ticket from another team.
        """
        # Support users can only update tickets from their own team
        if current_user.role == UserRole.SUPPORT:
            if ticket.team_id is None:
>               raise ForbiddenException(
                    detail="Cannot update status of unassigned tickets"
                )
E               app.core.exceptions.ForbiddenException: 403: Cannot update status of unassigned tickets

app/services/ticket_service.py:279: ForbiddenException
________ TestTicketServiceUpdateStatus.test_new_cannot_jump_to_resolved ________

self = <tests.unit.services.test_ticket_service.TestTicketServiceUpdateStatus object at 0xffff981c7020>
ticket_service = <app.services.ticket_service.TicketService object at 0xffff95180050>
mock_db = <AsyncMock id='281473088326688'>
support_user = <User +905559876543 (SUPPORT)>
new_ticket = <Ticket e854206d-f5be-43b9-b662-efbba9f43c19 (NEW)>

    async def test_new_cannot_jump_to_resolved(
        self, ticket_service, mock_db, support_user, new_ticket
    ):
        """NEW -> RESOLVED is NOT a valid transition."""
        with pytest.raises(InvalidStatusTransitionException):
>           await ticket_service.update_status(
                mock_db, new_ticket, TicketStatus.RESOLVED, None, support_user
            )

tests/unit/services/test_ticket_service.py:457: 
_ _ _ _ _ _ _ _ _ _ _ _ _ _ _ _ _ _ _ _ _ _ _ _ _ _ _ _ _ _ _ _ _ _ _ _ _ _ _ _ 

self = <app.services.ticket_service.TicketService object at 0xffff95180050>
db = <AsyncMock id='281473088326688'>
ticket = <Ticket e854206d-f5be-43b9-b662-efbba9f43c19 (NEW)>
new_status = <TicketStatus.RESOLVED: 'RESOLVED'>, comment = None
current_user = <User +905559876543 (SUPPORT)>

    async def update_status(
        self,
        db: AsyncSession,
        ticket: Ticket,
        new_status: TicketStatus,
        comment: str | None,
        current_user: User,
    ) -> Ticket:
        """Update ticket status with validation.
    
        Args:
            db: Database session.
            ticket: The ticket to update.
            new_status: The new status.
            comment: Optional comment for the status change.
            current_user: The user making the change.
    
        Returns:
            The updated ticket.
    
        Raises:
            InvalidStatusTransitionException: If the transition is not allowed.
            ForbiddenException: If support user tries to update ticket from another team.
        """
        # Support users can only update tickets from their own team
        if current_user.role == UserRole.SUPPORT:
            if ticket.team_id is None:
>               raise ForbiddenException(
                    detail="Cannot update status of unassigned tickets"
                )
E               app.core.exceptions.ForbiddenException: 403: Cannot update status of unassigned tickets

app/services/ticket_service.py:279: ForbiddenException
_________ TestTicketServiceUpdateStatus.test_new_cannot_jump_to_closed _________

self = <tests.unit.services.test_ticket_service.TestTicketServiceUpdateStatus object at 0xffff981c7130>
ticket_service = <app.services.ticket_service.TicketService object at 0xffff966b8a50>
mock_db = <AsyncMock id='281473088334752'>
support_user = <User +905559876543 (SUPPORT)>
new_ticket = <Ticket 7abb795b-c665-4037-b1e5-9461fbfa3ac0 (NEW)>

    async def test_new_cannot_jump_to_closed(
        self, ticket_service, mock_db, support_user, new_ticket
    ):
        """NEW -> CLOSED is NOT a valid transition."""
        with pytest.raises(InvalidStatusTransitionException):
>           await ticket_service.update_status(
                mock_db, new_ticket, TicketStatus.CLOSED, None, support_user
            )

tests/unit/services/test_ticket_service.py:466: 
_ _ _ _ _ _ _ _ _ _ _ _ _ _ _ _ _ _ _ _ _ _ _ _ _ _ _ _ _ _ _ _ _ _ _ _ _ _ _ _ 

self = <app.services.ticket_service.TicketService object at 0xffff966b8a50>
db = <AsyncMock id='281473088334752'>
ticket = <Ticket 7abb795b-c665-4037-b1e5-9461fbfa3ac0 (NEW)>
new_status = <TicketStatus.CLOSED: 'CLOSED'>, comment = None
current_user = <User +905559876543 (SUPPORT)>

    async def update_status(
        self,
        db: AsyncSession,
        ticket: Ticket,
        new_status: TicketStatus,
        comment: str | None,
        current_user: User,
    ) -> Ticket:
        """Update ticket status with validation.
    
        Args:
            db: Database session.
            ticket: The ticket to update.
            new_status: The new status.
            comment: Optional comment for the status change.
            current_user: The user making the change.
    
        Returns:
            The updated ticket.
    
        Raises:
            InvalidStatusTransitionException: If the transition is not allowed.
            ForbiddenException: If support user tries to update ticket from another team.
        """
        # Support users can only update tickets from their own team
        if current_user.role == UserRole.SUPPORT:
            if ticket.team_id is None:
>               raise ForbiddenException(
                    detail="Cannot update status of unassigned tickets"
                )
E               app.core.exceptions.ForbiddenException: 403: Cannot update status of unassigned tickets

app/services/ticket_service.py:279: ForbiddenException
___________ TestTicketServiceUpdateStatus.test_closed_cannot_change ____________

self = <tests.unit.services.test_ticket_service.TestTicketServiceUpdateStatus object at 0xffff9800a450>
ticket_service = <app.services.ticket_service.TicketService object at 0xffff9590cc30>
mock_db = <AsyncMock id='281473172025904'>
support_user = <User +905559876543 (SUPPORT)>
closed_ticket = <Ticket f7f63095-acfb-4181-984b-bf306d813659 (CLOSED)>

    async def test_closed_cannot_change(
        self, ticket_service, mock_db, support_user, closed_ticket
    ):
        """CLOSED tickets cannot transition to any other state."""
        with pytest.raises(InvalidStatusTransitionException):
>           await ticket_service.update_status(
                mock_db, closed_ticket, TicketStatus.IN_PROGRESS, None, support_user
            )

tests/unit/services/test_ticket_service.py:475: 
_ _ _ _ _ _ _ _ _ _ _ _ _ _ _ _ _ _ _ _ _ _ _ _ _ _ _ _ _ _ _ _ _ _ _ _ _ _ _ _ 

self = <app.services.ticket_service.TicketService object at 0xffff9590cc30>
db = <AsyncMock id='281473172025904'>
ticket = <Ticket f7f63095-acfb-4181-984b-bf306d813659 (CLOSED)>
new_status = <TicketStatus.IN_PROGRESS: 'IN_PROGRESS'>, comment = None
current_user = <User +905559876543 (SUPPORT)>

    async def update_status(
        self,
        db: AsyncSession,
        ticket: Ticket,
        new_status: TicketStatus,
        comment: str | None,
        current_user: User,
    ) -> Ticket:
        """Update ticket status with validation.
    
        Args:
            db: Database session.
            ticket: The ticket to update.
            new_status: The new status.
            comment: Optional comment for the status change.
            current_user: The user making the change.
    
        Returns:
            The updated ticket.
    
        Raises:
            InvalidStatusTransitionException: If the transition is not allowed.
            ForbiddenException: If support user tries to update ticket from another team.
        """
        # Support users can only update tickets from their own team
        if current_user.role == UserRole.SUPPORT:
            if ticket.team_id is None:
>               raise ForbiddenException(
                    detail="Cannot update status of unassigned tickets"
                )
E               app.core.exceptions.ForbiddenException: 403: Cannot update status of unassigned tickets

app/services/ticket_service.py:279: ForbiddenException
_____ TestTicketServiceUpdateStatus.test_in_progress_cannot_jump_to_closed _____

self = <tests.unit.services.test_ticket_service.TestTicketServiceUpdateStatus object at 0xffff9800aa50>
ticket_service = <app.services.ticket_service.TicketService object at 0xffff95728f00>
mock_db = <AsyncMock id='281473172027248'>
support_user = <User +905559876543 (SUPPORT)>
in_progress_ticket = <Ticket 00655743-89c4-4aa9-b7a3-53d4228e2d62 (IN_PROGRESS)>

    async def test_in_progress_cannot_jump_to_closed(
        self, ticket_service, mock_db, support_user, in_progress_ticket
    ):
        """IN_PROGRESS -> CLOSED is NOT a valid transition (must resolve first)."""
        with pytest.raises(InvalidStatusTransitionException):
>           await ticket_service.update_status(
                mock_db, in_progress_ticket, TicketStatus.CLOSED, None, support_user
            )

tests/unit/services/test_ticket_service.py:484: 
_ _ _ _ _ _ _ _ _ _ _ _ _ _ _ _ _ _ _ _ _ _ _ _ _ _ _ _ _ _ _ _ _ _ _ _ _ _ _ _ 

self = <app.services.ticket_service.TicketService object at 0xffff95728f00>
db = <AsyncMock id='281473172027248'>
ticket = <Ticket 00655743-89c4-4aa9-b7a3-53d4228e2d62 (IN_PROGRESS)>
new_status = <TicketStatus.CLOSED: 'CLOSED'>, comment = None
current_user = <User +905559876543 (SUPPORT)>

    async def update_status(
        self,
        db: AsyncSession,
        ticket: Ticket,
        new_status: TicketStatus,
        comment: str | None,
        current_user: User,
    ) -> Ticket:
        """Update ticket status with validation.
    
        Args:
            db: Database session.
            ticket: The ticket to update.
            new_status: The new status.
            comment: Optional comment for the status change.
            current_user: The user making the change.
    
        Returns:
            The updated ticket.
    
        Raises:
            InvalidStatusTransitionException: If the transition is not allowed.
            ForbiddenException: If support user tries to update ticket from another team.
        """
        # Support users can only update tickets from their own team
        if current_user.role == UserRole.SUPPORT:
            if ticket.team_id is None:
>               raise ForbiddenException(
                    detail="Cannot update status of unassigned tickets"
                )
E               app.core.exceptions.ForbiddenException: 403: Cannot update status of unassigned tickets

app/services/ticket_service.py:279: ForbiddenException
______ TestTicketServiceUpdateStatus.test_status_change_creates_log_entry ______

self = <tests.unit.services.test_ticket_service.TestTicketServiceUpdateStatus object at 0xffff980a8c80>
mock_notify = <AsyncMock name='notify_ticket_status_changed' id='281473088335424'>
ticket_service = <app.services.ticket_service.TicketService object at 0xffff95554550>
mock_db = <AsyncMock id='281473088334752'>
support_user = <User +905559876543 (SUPPORT)>
new_ticket = <Ticket 958479c6-88ab-402e-805b-049f61573ec1 (NEW)>

    @patch(
        "app.services.notification_service.notify_ticket_status_changed",
        new_callable=AsyncMock,
    )
    async def test_status_change_creates_log_entry(
        self, mock_notify, ticket_service, mock_db, support_user, new_ticket
    ):
        """Status change should create a StatusLog entry."""
>       await ticket_service.update_status(
            mock_db, new_ticket, TicketStatus.IN_PROGRESS, "Starting work", support_user
        )

tests/unit/services/test_ticket_service.py:496: 
_ _ _ _ _ _ _ _ _ _ _ _ _ _ _ _ _ _ _ _ _ _ _ _ _ _ _ _ _ _ _ _ _ _ _ _ _ _ _ _ 

self = <app.services.ticket_service.TicketService object at 0xffff95554550>
db = <AsyncMock id='281473088334752'>
ticket = <Ticket 958479c6-88ab-402e-805b-049f61573ec1 (NEW)>
new_status = <TicketStatus.IN_PROGRESS: 'IN_PROGRESS'>
comment = 'Starting work', current_user = <User +905559876543 (SUPPORT)>

    async def update_status(
        self,
        db: AsyncSession,
        ticket: Ticket,
        new_status: TicketStatus,
        comment: str | None,
        current_user: User,
    ) -> Ticket:
        """Update ticket status with validation.
    
        Args:
            db: Database session.
            ticket: The ticket to update.
            new_status: The new status.
            comment: Optional comment for the status change.
            current_user: The user making the change.
    
        Returns:
            The updated ticket.
    
        Raises:
            InvalidStatusTransitionException: If the transition is not allowed.
            ForbiddenException: If support user tries to update ticket from another team.
        """
        # Support users can only update tickets from their own team
        if current_user.role == UserRole.SUPPORT:
            if ticket.team_id is None:
>               raise ForbiddenException(
                    detail="Cannot update status of unassigned tickets"
                )
E               app.core.exceptions.ForbiddenException: 403: Cannot update status of unassigned tickets

app/services/ticket_service.py:279: ForbiddenException
=========================== short test summary info ============================
FAILED tests/integration/analytics/test_analytics.py::TestTeamPerformanceAnalytics::test_manager_can_access_team_performance
FAILED tests/integration/analytics/test_analytics.py::TestTeamPerformanceAnalytics::test_team_performance_with_team
FAILED tests/integration/analytics/test_analytics.py::TestTeamPerformanceAnalytics::test_team_performance_with_assigned_tickets
FAILED tests/integration/services/test_ticket_service_integration.py::TestUpdateStatus::test_update_status_creates_status_log
FAILED tests/integration/services/test_ticket_service_integration.py::TestUpdateStatus::test_update_status_to_resolved_sets_resolved_at
FAILED tests/integration/services/test_ticket_service_integration.py::TestUpdateStatus::test_update_status_invalid_transition_fails
FAILED tests/integration/services/test_ticket_service_integration.py::TestUpdateStatus::test_update_status_notifies_reporter
FAILED tests/integration/test_permissions_integration.py::TestTicketManagementPermissions::test_support_can_manage_any_ticket
FAILED tests/integration/test_teams.py::TestListTeams::test_manager_lists_teams
FAILED tests/integration/tickets/test_ticket_status.py::TestStatusTransitions::test_new_to_in_progress
FAILED tests/integration/tickets/test_ticket_status.py::TestStatusTransitions::test_in_progress_to_resolved
FAILED tests/integration/tickets/test_ticket_status.py::TestStatusTransitions::test_resolved_to_closed
FAILED tests/integration/tickets/test_ticket_status.py::TestStatusTransitions::test_resolved_to_in_progress_reopen
FAILED tests/integration/tickets/test_ticket_status.py::TestStatusTransitions::test_new_to_escalated
FAILED tests/integration/tickets/test_ticket_status.py::TestStatusTransitions::test_in_progress_to_escalated
FAILED tests/integration/tickets/test_ticket_status.py::TestStatusTransitions::test_escalated_to_in_progress
FAILED tests/integration/tickets/test_ticket_status.py::TestStatusTransitions::test_new_cannot_jump_to_resolved
FAILED tests/integration/tickets/test_ticket_status.py::TestStatusTransitions::test_new_cannot_jump_to_closed
FAILED tests/integration/tickets/test_ticket_status.py::TestStatusTransitions::test_closed_cannot_change
FAILED tests/integration/tickets/test_ticket_status.py::TestStatusTransitions::test_in_progress_cannot_jump_to_closed
FAILED tests/integration/tickets/test_ticket_status.py::TestStatusPermissions::test_support_can_change_status
FAILED tests/integration/tickets/test_ticket_status.py::TestStatusSideEffects::test_resolved_sets_resolved_at
FAILED tests/integration/tickets/test_ticket_status.py::TestStatusSideEffects::test_status_change_with_comment
FAILED tests/test_escalations.py::test_support_creates_escalation_for_own_team_ticket
FAILED tests/test_escalations.py::test_can_reescalate_after_rejection - Impor...
FAILED tests/unit/api/test_analytics.py::TestGetTeamPerformance::test_team_performance_with_teams
FAILED tests/unit/api/test_analytics.py::TestGetTeamPerformance::test_team_performance_empty_team/app/.venv/lib/python3.13/site-packages/_pytest/unraisableexception.py:33: RuntimeWarning: coroutine 'AsyncMockMixin._execute_mock_call' was never awaited
  gc.collect()
RuntimeWarning: Enable tracemalloc to get the object allocation traceback

FAILED tests/unit/api/test_auth.py::TestGetCurrentUserInfo::test_returns_user_info
FAILED tests/unit/api/test_escalations.py::TestCreateEscalation::test_create_escalation_success
FAILED tests/unit/api/test_escalations.py::TestCreateEscalation::test_create_escalation_pending_exists
FAILED tests/unit/api/test_escalations.py::TestListEscalations::test_list_escalations_as_manager
FAILED tests/unit/api/test_escalations.py::TestGetEscalation::test_get_escalation_success
FAILED tests/unit/api/test_escalations.py::TestApproveEscalation::test_approve_escalation_success
FAILED tests/unit/api/test_escalations.py::TestRejectEscalation::test_reject_escalation_success
FAILED tests/unit/api/test_notifications.py::TestListNotifications::test_list_notifications_success
FAILED tests/unit/api/test_notifications.py::TestMarkAsRead::test_mark_as_read_success
FAILED tests/unit/api/test_teams.py::TestListTeams::test_list_teams_success
FAILED tests/unit/api/test_teams.py::TestListTeams::test_list_teams_empty - T...
FAILED tests/unit/api/test_teams.py::TestCreateTeam::test_create_team_success
FAILED tests/unit/api/test_teams.py::TestDeleteTeam::test_delete_team_success
FAILED tests/unit/api/test_teams.py::TestAddTeamMember::test_add_member_success
FAILED tests/unit/api/test_teams.py::TestAddTeamMember::test_add_member_user_not_found
FAILED tests/unit/api/test_teams.py::TestRemoveTeamMember::test_remove_member_success
FAILED tests/unit/api/test_teams.py::TestRemoveTeamMember::test_remove_member_not_in_team
FAILED tests/unit/services/test_ticket_service.py::TestTicketServiceUpdateStatus::test_new_to_in_progress
FAILED tests/unit/services/test_ticket_service.py::TestTicketServiceUpdateStatus::test_in_progress_to_resolved
FAILED tests/unit/services/test_ticket_service.py::TestTicketServiceUpdateStatus::test_resolved_to_closed
FAILED tests/unit/services/test_ticket_service.py::TestTicketServiceUpdateStatus::test_resolved_to_in_progress_reopen
FAILED tests/unit/services/test_ticket_service.py::TestTicketServiceUpdateStatus::test_new_to_escalated
FAILED tests/unit/services/test_ticket_service.py::TestTicketServiceUpdateStatus::test_new_cannot_jump_to_resolved
FAILED tests/unit/services/test_ticket_service.py::TestTicketServiceUpdateStatus::test_new_cannot_jump_to_closed
FAILED tests/unit/services/test_ticket_service.py::TestTicketServiceUpdateStatus::test_closed_cannot_change
FAILED tests/unit/services/test_ticket_service.py::TestTicketServiceUpdateStatus::test_in_progress_cannot_jump_to_closed
FAILED tests/unit/services/test_ticket_service.py::TestTicketServiceUpdateStatus::test_status_change_creates_log_entry
================== 54 failed, 599 passed in 79.48s (0:01:19) ===================
